{"numFailedTestSuites":5,"numFailedTests":2,"numPassedTestSuites":45,"numPassedTests":321,"numPendingTestSuites":0,"numPendingTests":0,"numRuntimeErrorTestSuites":3,"numTodoTests":0,"numTotalTestSuites":50,"numTotalTests":323,"openHandles":[],"snapshot":{"added":0,"didUpdate":false,"failure":false,"filesAdded":0,"filesRemoved":0,"filesRemovedList":[],"filesUnmatched":0,"filesUpdated":0,"matched":0,"total":0,"unchecked":0,"uncheckedKeysByFile":[],"unmatched":0,"updated":0},"startTime":1780215422882,"success":false,"testResults":[{"assertionResults":[{"ancestorTitles":["PrivacyLevelScreen — Property 19: network gating"],"duration":2363,"failureDetails":[{}],"failureMessages":["Error: Property failed after 2 tests\n{ seed: 146428622, path: \"1\", endOnFailure: true }\nCounterexample: [42161,false]\nShrunk 0 time(s)\nGot error: Can't access .root on unmounted test renderer\n    at Object.get [as root] (D:\\Veilpay\\node_modules\\.pnpm\\react-test-renderer@19.2.0_react@19.2.0\\node_modules\\react-test-renderer\\cjs\\react-test-renderer.development.js:17446:19)\n    at root (D:\\Veilpay\\node_modules\\.pnpm\\@testing-library+react-native@13.3.3_jest@29.7.0_@types+node@20.19.39_ts-node@10.9.2_@types+n_rshtlkxnyqpewejfvxc4etzl5y\\node_modules\\@testing-library\\react-native\\src\\render.tsx:101:29)\n    at buildRenderResult (D:\\Veilpay\\node_modules\\.pnpm\\@testing-library+react-native@13.3.3_jest@29.7.0_@types+node@20.19.39_ts-node@10.9.2_@types+n_rshtlkxnyqpewejfvxc4etzl5y\\node_modules\\@testing-library\\react-native\\src\\render.tsx:70:10)\n    at renderInternal (D:\\Veilpay\\node_modules\\.pnpm\\@testing-library+react-native@13.3.3_jest@29.7.0_@types+node@20.19.39_ts-node@10.9.2_@types+n_rshtlkxnyqpewejfvxc4etzl5y\\node_modules\\@testing-library\\react-native\\src\\render.tsx:44:10)\n    at D:\\Veilpay\\apps\\consumer-app\\src\\screens\\__tests__\\PrivacyLevelScreen.property.test.tsx:206:41\n    at Property.predicate (D:\\Veilpay\\node_modules\\.pnpm\\fast-check@3.23.2\\node_modules\\fast-check\\lib\\check\\property\\Property.js:17:86)\n    at Property.run (D:\\Veilpay\\node_modules\\.pnpm\\fast-check@3.23.2\\node_modules\\fast-check\\lib\\check\\property\\Property.generic.js:49:33)\n    at runIt (D:\\Veilpay\\node_modules\\.pnpm\\fast-check@3.23.2\\node_modules\\fast-check\\lib\\check\\runner\\Runner.js:22:30)\n    at check (D:\\Veilpay\\node_modules\\.pnpm\\fast-check@3.23.2\\node_modules\\fast-check\\lib\\check\\runner\\Runner.js:66:11)\n    at Object.assert (D:\\Veilpay\\node_modules\\.pnpm\\fast-check@3.23.2\\node_modules\\fast-check\\lib\\check\\runner\\Runner.js:69:17)\n    at Object.assert (D:\\Veilpay\\apps\\consumer-app\\src\\screens\\__tests__\\PrivacyLevelScreen.property.test.tsx:184:8)\n    at Promise.then.completed (D:\\Veilpay\\apps\\consumer-app\\node_modules\\jest-circus\\build\\utils.js:298:28)\n    at new Promise (<anonymous>)\n    at callAsyncCircusFn (D:\\Veilpay\\apps\\consumer-app\\node_modules\\jest-circus\\build\\utils.js:231:10)\n    at _callCircusTest (D:\\Veilpay\\apps\\consumer-app\\node_modules\\jest-circus\\build\\run.js:316:40)\n    at processTicksAndRejections (node:internal/process/task_queues:104:5)\n    at _runTest (D:\\Veilpay\\apps\\consumer-app\\node_modules\\jest-circus\\build\\run.js:252:3)\n    at _runTestsForDescribeBlock (D:\\Veilpay\\apps\\consumer-app\\node_modules\\jest-circus\\build\\run.js:126:9)\n    at _runTestsForDescribeBlock (D:\\Veilpay\\apps\\consumer-app\\node_modules\\jest-circus\\build\\run.js:121:9)\n    at run (D:\\Veilpay\\apps\\consumer-app\\node_modules\\jest-circus\\build\\run.js:71:3)\n    at runAndTransformResultsToJestFormat (D:\\Veilpay\\apps\\consumer-app\\node_modules\\jest-circus\\build\\legacy-code-todo-rewrite\\jestAdapterInit.js:122:21)\n    at jestAdapter (D:\\Veilpay\\apps\\consumer-app\\node_modules\\jest-circus\\build\\legacy-code-todo-rewrite\\jestAdapter.js:79:19)\n    at runTestInternal (D:\\Veilpay\\apps\\consumer-app\\node_modules\\jest-runner\\build\\runTest.js:367:16)\n    at runTest (D:\\Veilpay\\apps\\consumer-app\\node_modules\\jest-runner\\build\\runTest.js:444:34)\n    at Object.worker (D:\\Veilpay\\apps\\consumer-app\\node_modules\\jest-runner\\build\\testWorker.js:106:12)\n\nHint: Enable verbose mode in order to have the list of all failing values encountered during the run\n    at buildError (D:\\Veilpay\\node_modules\\.pnpm\\fast-check@3.23.2\\node_modules\\fast-check\\lib\\check\\runner\\utils\\RunDetailsFormatter.js:132:15)\n    at throwIfFailed (D:\\Veilpay\\node_modules\\.pnpm\\fast-check@3.23.2\\node_modules\\fast-check\\lib\\check\\runner\\utils\\RunDetailsFormatter.js:144:11)\n    at reportRunDetails (D:\\Veilpay\\node_modules\\.pnpm\\fast-check@3.23.2\\node_modules\\fast-check\\lib\\check\\runner\\utils\\RunDetailsFormatter.js:157:16)\n    at Object.assert (D:\\Veilpay\\node_modules\\.pnpm\\fast-check@3.23.2\\node_modules\\fast-check\\lib\\check\\runner\\Runner.js:73:52)\n    at Object.assert (D:\\Veilpay\\apps\\consumer-app\\src\\screens\\__tests__\\PrivacyLevelScreen.property.test.tsx:184:8)\n    at Promise.then.completed (D:\\Veilpay\\apps\\consumer-app\\node_modules\\jest-circus\\build\\utils.js:298:28)\n    at new Promise (<anonymous>)\n    at callAsyncCircusFn (D:\\Veilpay\\apps\\consumer-app\\node_modules\\jest-circus\\build\\utils.js:231:10)\n    at _callCircusTest (D:\\Veilpay\\apps\\consumer-app\\node_modules\\jest-circus\\build\\run.js:316:40)\n    at processTicksAndRejections (node:internal/process/task_queues:104:5)\n    at _runTest (D:\\Veilpay\\apps\\consumer-app\\node_modules\\jest-circus\\build\\run.js:252:3)\n    at _runTestsForDescribeBlock (D:\\Veilpay\\apps\\consumer-app\\node_modules\\jest-circus\\build\\run.js:126:9)\n    at _runTestsForDescribeBlock (D:\\Veilpay\\apps\\consumer-app\\node_modules\\jest-circus\\build\\run.js:121:9)\n    at run (D:\\Veilpay\\apps\\consumer-app\\node_modules\\jest-circus\\build\\run.js:71:3)\n    at runAndTransformResultsToJestFormat (D:\\Veilpay\\apps\\consumer-app\\node_modules\\jest-circus\\build\\legacy-code-todo-rewrite\\jestAdapterInit.js:122:21)\n    at jestAdapter (D:\\Veilpay\\apps\\consumer-app\\node_modules\\jest-circus\\build\\legacy-code-todo-rewrite\\jestAdapter.js:79:19)\n    at runTestInternal (D:\\Veilpay\\apps\\consumer-app\\node_modules\\jest-runner\\build\\runTest.js:367:16)\n    at runTest (D:\\Veilpay\\apps\\consumer-app\\node_modules\\jest-runner\\build\\runTest.js:444:34)\n    at Object.worker (D:\\Veilpay\\apps\\consumer-app\\node_modules\\jest-runner\\build\\testWorker.js:106:12)"],"fullName":"PrivacyLevelScreen — Property 19: network gating disables stealth and max iff chainId !== 11155111 || !isPrivacyStackConfigured()","invocations":1,"location":null,"numPassingAsserts":3,"retryReasons":[],"status":"failed","title":"disables stealth and max iff chainId !== 11155111 || !isPrivacyStackConfigured()"}],"endTime":1780215544929,"message":"  ● PrivacyLevelScreen — Property 19: network gating › disables stealth and max iff chainId !== 11155111 || !isPrivacyStackConfigured()\n\n    Property failed after 2 tests\n    { seed: 146428622, path: \"1\", endOnFailure: true }\n    Counterexample: [42161,false]\n    Shrunk 0 time(s)\n    Got error: Can't access .root on unmounted test renderer\n\n    \u001b[0m \u001b[90m 204 |\u001b[39m           mockIsPrivacyStackConfigured\u001b[33m.\u001b[39mmockReturnValue(configured)\u001b[33m;\u001b[39m\n     \u001b[90m 205 |\u001b[39m\n    \u001b[31m\u001b[1m>\u001b[22m\u001b[39m\u001b[90m 206 |\u001b[39m           \u001b[36mconst\u001b[39m { getByTestId } \u001b[33m=\u001b[39m render(\u001b[33m<\u001b[39m\u001b[33mPrivacyLevelScreen\u001b[39m {\u001b[33m...\u001b[39mmakeProps()} \u001b[33m/\u001b[39m\u001b[33m>\u001b[39m)\u001b[33m;\u001b[39m\n     \u001b[90m     |\u001b[39m                                         \u001b[31m\u001b[1m^\u001b[22m\u001b[39m\n     \u001b[90m 207 |\u001b[39m\n     \u001b[90m 208 |\u001b[39m           \u001b[36mconst\u001b[39m supported \u001b[33m=\u001b[39m chainId \u001b[33m===\u001b[39m \u001b[33mSEPOLIA_CHAIN_ID\u001b[39m \u001b[33m&&\u001b[39m configured\u001b[33m;\u001b[39m\n     \u001b[90m 209 |\u001b[39m\u001b[0m\n\n      at Object.get [as root] (../../node_modules/.pnpm/react-test-renderer@19.2.0_react@19.2.0/node_modules/react-test-renderer/cjs/react-test-renderer.development.js:17446:19)\n      at root (../../node_modules/.pnpm/@testing-library+react-native@13.3.3_jest@29.7.0_@types+node@20.19.39_ts-node@10.9.2_@types+n_rshtlkxnyqpewejfvxc4etzl5y/node_modules/@testing-library/react-native/src/render.tsx:101:29)\n      at buildRenderResult (../../node_modules/.pnpm/@testing-library+react-native@13.3.3_jest@29.7.0_@types+node@20.19.39_ts-node@10.9.2_@types+n_rshtlkxnyqpewejfvxc4etzl5y/node_modules/@testing-library/react-native/src/render.tsx:70:10)\n      at renderInternal (../../node_modules/.pnpm/@testing-library+react-native@13.3.3_jest@29.7.0_@types+node@20.19.39_ts-node@10.9.2_@types+n_rshtlkxnyqpewejfvxc4etzl5y/node_modules/@testing-library/react-native/src/render.tsx:44:10)\n      at src/screens/__tests__/PrivacyLevelScreen.property.test.tsx:206:41\n      at Property.predicate (../../node_modules/.pnpm/fast-check@3.23.2/node_modules/fast-check/lib/check/property/Property.js:17:86)\n      at Property.run (../../node_modules/.pnpm/fast-check@3.23.2/node_modules/fast-check/lib/check/property/Property.generic.js:49:33)\n      at runIt (../../node_modules/.pnpm/fast-check@3.23.2/node_modules/fast-check/lib/check/runner/Runner.js:22:30)\n      at check (../../node_modules/.pnpm/fast-check@3.23.2/node_modules/fast-check/lib/check/runner/Runner.js:66:11)\n      at Object.assert (../../node_modules/.pnpm/fast-check@3.23.2/node_modules/fast-check/lib/check/runner/Runner.js:69:17)\n      at Object.assert (src/screens/__tests__/PrivacyLevelScreen.property.test.tsx:184:8)\n      Hint: Enable verbose mode in order to have the list of all failing values encountered during the run\n      at buildError (../../node_modules/.pnpm/fast-check@3.23.2/node_modules/fast-check/lib/check/runner/utils/RunDetailsFormatter.js:132:15)\n      at throwIfFailed (../../node_modules/.pnpm/fast-check@3.23.2/node_modules/fast-check/lib/check/runner/utils/RunDetailsFormatter.js:144:11)\n      at reportRunDetails (../../node_modules/.pnpm/fast-check@3.23.2/node_modules/fast-check/lib/check/runner/utils/RunDetailsFormatter.js:157:16)\n      at Object.assert (../../node_modules/.pnpm/fast-check@3.23.2/node_modules/fast-check/lib/check/runner/Runner.js:73:52)\n      at Object.assert (src/screens/__tests__/PrivacyLevelScreen.property.test.tsx:184:8)\n","name":"D:\\Veilpay\\apps\\consumer-app\\src\\screens\\__tests__\\PrivacyLevelScreen.property.test.tsx","startTime":1780215434989,"status":"failed","summary":""},{"assertionResults":[{"ancestorTitles":["gasEstimator"],"duration":139,"failureDetails":[],"failureMessages":[],"fullName":"gasEstimator uses live fee data and buffers the gas estimate","invocations":1,"location":null,"numPassingAsserts":8,"retryReasons":[],"status":"passed","title":"uses live fee data and buffers the gas estimate"},{"ancestorTitles":["gasEstimator"],"duration":9,"failureDetails":[],"failureMessages":[],"fullName":"gasEstimator returns cached estimates for identical requests","invocations":1,"location":null,"numPassingAsserts":5,"retryReasons":[],"status":"passed","title":"returns cached estimates for identical requests"},{"ancestorTitles":["gasEstimator"],"duration":22,"failureDetails":[],"failureMessages":[],"fullName":"gasEstimator falls back to conservative static estimates when live estimation fails","invocations":1,"location":null,"numPassingAsserts":4,"retryReasons":[],"status":"passed","title":"falls back to conservative static estimates when live estimation fails"},{"ancestorTitles":["gasEstimator"],"duration":2,"failureDetails":[],"failureMessages":[],"fullName":"gasEstimator flags expensive gas estimates above the threshold","invocations":1,"location":null,"numPassingAsserts":2,"retryReasons":[],"status":"passed","title":"flags expensive gas estimates above the threshold"}],"endTime":1780215549455,"message":"","name":"D:\\Veilpay\\apps\\consumer-app\\src\\utils\\__tests__\\gasEstimator.test.ts","startTime":1780215434939,"status":"passed","summary":""},{"assertionResults":[{"ancestorTitles":["WalletConnectScreen"],"duration":1451,"failureDetails":[],"failureMessages":[],"fullName":"WalletConnectScreen navigates to create wallet from internal option","invocations":1,"location":null,"numPassingAsserts":1,"retryReasons":[],"status":"passed","title":"navigates to create wallet from internal option"},{"ancestorTitles":["WalletConnectScreen"],"duration":310,"failureDetails":[],"failureMessages":[],"fullName":"WalletConnectScreen navigates to import wallet from internal option","invocations":1,"location":null,"numPassingAsserts":1,"retryReasons":[],"status":"passed","title":"navigates to import wallet from internal option"},{"ancestorTitles":["WalletConnectScreen"],"duration":728,"failureDetails":[],"failureMessages":[],"fullName":"WalletConnectScreen shows inline error when external connect is attempted without WalletConnect URI","invocations":1,"location":null,"numPassingAsserts":2,"retryReasons":[],"status":"passed","title":"shows inline error when external connect is attempted without WalletConnect URI"},{"ancestorTitles":["WalletConnectScreen"],"duration":1139,"failureDetails":[],"failureMessages":[],"fullName":"WalletConnectScreen creates a WalletConnect session URI via SDK and connects on approval","invocations":1,"location":null,"numPassingAsserts":3,"retryReasons":[],"status":"passed","title":"creates a WalletConnect session URI via SDK and connects on approval"}],"endTime":1780215553057,"message":"","name":"D:\\Veilpay\\apps\\consumer-app\\src\\screens\\__tests__\\WalletConnectScreen.test.tsx","startTime":1780215434953,"status":"passed","summary":""},{"assertionResults":[{"ancestorTitles":["fetchTransactionHistoryPage"],"duration":87274,"failureDetails":[],"failureMessages":[],"fullName":"fetchTransactionHistoryPage returns empty without hitting network when address is invalid for chain","invocations":1,"location":null,"numPassingAsserts":2,"retryReasons":[],"status":"passed","title":"returns empty without hitting network when address is invalid for chain"},{"ancestorTitles":["fetchTransactionHistoryPage"],"duration":4475,"failureDetails":[],"failureMessages":[],"fullName":"fetchTransactionHistoryPage maps, normalizes, and sorts transaction history results","invocations":1,"location":null,"numPassingAsserts":6,"retryReasons":[],"status":"passed","title":"maps, normalizes, and sorts transaction history results"},{"ancestorTitles":["fetchTransactionHistoryPage"],"duration":6473,"failureDetails":[],"failureMessages":[],"fullName":"fetchTransactionHistoryPage falls back to blockchain when indexer returns a non-ok response","invocations":1,"location":null,"numPassingAsserts":1,"retryReasons":[],"status":"passed","title":"falls back to blockchain when indexer returns a non-ok response"}],"endTime":1780215558805,"message":"","name":"D:\\Veilpay\\apps\\consumer-app\\src\\utils\\__tests__\\transactionHistory.test.ts","startTime":1780215434985,"status":"passed","summary":""},{"assertionResults":[{"ancestorTitles":["Sensitive-key isolation (Property 11)"],"duration":305,"failureDetails":[],"failureMessages":[],"fullName":"Sensitive-key isolation (Property 11) nullifier and secret never appear in AsyncStorage / transactionStore / fetch payloads","invocations":1,"location":null,"numPassingAsserts":75,"retryReasons":[],"status":"passed","title":"nullifier and secret never appear in AsyncStorage / transactionStore / fetch payloads"}],"endTime":1780215559535,"message":"","name":"D:\\Veilpay\\apps\\consumer-app\\src\\stores\\__tests__\\sensitiveKeyIsolation.property.test.ts","startTime":1780215435065,"status":"passed","summary":""},{"assertionResults":[{"ancestorTitles":["E2E: Payment Flow & ZKP Integration"],"duration":1358,"failureDetails":[],"failureMessages":[],"fullName":"E2E: Payment Flow & ZKP Integration should handle proof generation state toggle correctly","invocations":1,"location":null,"numPassingAsserts":2,"retryReasons":[],"status":"passed","title":"should handle proof generation state toggle correctly"}],"endTime":1780215565032,"message":"","name":"D:\\Veilpay\\apps\\consumer-app\\tests\\e2e\\paymentFlow.test.ts","startTime":1780215434979,"status":"passed","summary":""},{"assertionResults":[{"ancestorTitles":["ExportPrivateKeyScreen"],"duration":4682,"failureDetails":[],"failureMessages":[],"fullName":"ExportPrivateKeyScreen renders initial state with address and hidden key prompt","invocations":1,"location":null,"numPassingAsserts":4,"retryReasons":[],"status":"passed","title":"renders initial state with address and hidden key prompt"},{"ancestorTitles":["ExportPrivateKeyScreen"],"duration":413,"failureDetails":[],"failureMessages":[],"fullName":"ExportPrivateKeyScreen triggers biometrics and reveals raw private key on successful authentication","invocations":1,"location":null,"numPassingAsserts":9,"retryReasons":[],"status":"passed","title":"triggers biometrics and reveals raw private key on successful authentication"},{"ancestorTitles":["ExportPrivateKeyScreen"],"duration":927,"failureDetails":[],"failureMessages":[],"fullName":"ExportPrivateKeyScreen warns user before copying and successfully copies on confirmation","invocations":1,"location":null,"numPassingAsserts":7,"retryReasons":[],"status":"passed","title":"warns user before copying and successfully copies on confirmation"},{"ancestorTitles":["ExportPrivateKeyScreen"],"duration":212,"failureDetails":[],"failureMessages":[],"fullName":"ExportPrivateKeyScreen handles back button navigation","invocations":1,"location":null,"numPassingAsserts":2,"retryReasons":[],"status":"passed","title":"handles back button navigation"}],"endTime":1780215565727,"message":"","name":"D:\\Veilpay\\apps\\consumer-app\\src\\screens\\__tests__\\ExportPrivateKeyScreen.test.tsx","startTime":1780215547622,"status":"passed","summary":""},{"assertionResults":[{"ancestorTitles":["walletStore"],"duration":178,"failureDetails":[],"failureMessages":[],"fullName":"walletStore validates supported wallet address formats","invocations":1,"location":null,"numPassingAsserts":6,"retryReasons":[],"status":"passed","title":"validates supported wallet address formats"},{"ancestorTitles":["walletStore"],"duration":2,"failureDetails":[],"failureMessages":[],"fullName":"walletStore normalizes EVM and MVM addresses to lowercase","invocations":1,"location":null,"numPassingAsserts":2,"retryReasons":[],"status":"passed","title":"normalizes EVM and MVM addresses to lowercase"},{"ancestorTitles":["walletStore"],"duration":3012,"failureDetails":[],"failureMessages":[],"fullName":"walletStore connects and disconnects wallet state correctly","invocations":1,"location":null,"numPassingAsserts":6,"retryReasons":[],"status":"passed","title":"connects and disconnects wallet state correctly"},{"ancestorTitles":["walletStore"],"duration":1,"failureDetails":[],"failureMessages":[],"fullName":"walletStore updates active chain","invocations":1,"location":null,"numPassingAsserts":1,"retryReasons":[],"status":"passed","title":"updates active chain"},{"ancestorTitles":["walletStore"],"duration":2,"failureDetails":[],"failureMessages":[],"fullName":"walletStore includes built-in testnet chain configs","invocations":1,"location":null,"numPassingAsserts":6,"retryReasons":[],"status":"passed","title":"includes built-in testnet chain configs"}],"endTime":1780215565344,"message":"","name":"D:\\Veilpay\\apps\\consumer-app\\src\\stores\\__tests__\\walletStore.test.ts","startTime":1780215435066,"status":"passed","summary":""},{"assertionResults":[{"ancestorTitles":["balanceFetcher — multi-chain support","fetchNativeBalance — EVM chains"],"duration":25,"failureDetails":[],"failureMessages":[],"fullName":"balanceFetcher — multi-chain support fetchNativeBalance — EVM chains fetches EVM native balance via poolCall","invocations":1,"location":null,"numPassingAsserts":4,"retryReasons":[],"status":"passed","title":"fetches EVM native balance via poolCall"},{"ancestorTitles":["balanceFetcher — multi-chain support","fetchNativeBalance — EVM chains"],"duration":2,"failureDetails":[],"failureMessages":[],"fullName":"balanceFetcher — multi-chain support fetchNativeBalance — EVM chains returns fallback on EVM fetch failure","invocations":1,"location":null,"numPassingAsserts":2,"retryReasons":[],"status":"passed","title":"returns fallback on EVM fetch failure"},{"ancestorTitles":["balanceFetcher — multi-chain support","fetchNativeBalance — Solana chains"],"duration":17,"failureDetails":[],"failureMessages":[],"fullName":"balanceFetcher — multi-chain support fetchNativeBalance — Solana chains fetches Solana balance via JSON-RPC getBalance","invocations":1,"location":null,"numPassingAsserts":3,"retryReasons":[],"status":"passed","title":"fetches Solana balance via JSON-RPC getBalance"},{"ancestorTitles":["balanceFetcher — multi-chain support","fetchNativeBalance — Solana chains"],"duration":14,"failureDetails":[],"failureMessages":[],"fullName":"balanceFetcher — multi-chain support fetchNativeBalance — Solana chains returns fallback on Solana RPC error","invocations":1,"location":null,"numPassingAsserts":1,"retryReasons":[],"status":"passed","title":"returns fallback on Solana RPC error"},{"ancestorTitles":["balanceFetcher — multi-chain support","fetchNativeBalance — Aptos chains"],"duration":12,"failureDetails":[],"failureMessages":[],"fullName":"balanceFetcher — multi-chain support fetchNativeBalance — Aptos chains fetches Aptos balance via REST API","invocations":1,"location":null,"numPassingAsserts":2,"retryReasons":[],"status":"passed","title":"fetches Aptos balance via REST API"},{"ancestorTitles":["balanceFetcher — multi-chain support","fetchNativeBalance — Aptos chains"],"duration":16,"failureDetails":[],"failureMessages":[],"fullName":"balanceFetcher — multi-chain support fetchNativeBalance — Aptos chains returns zero balance for 404","invocations":1,"location":null,"numPassingAsserts":1,"retryReasons":[],"status":"passed","title":"returns zero balance for 404"},{"ancestorTitles":["balanceFetcher — multi-chain support","fetchNativeBalance — Stellar chains"],"duration":3,"failureDetails":[],"failureMessages":[],"fullName":"balanceFetcher — multi-chain support fetchNativeBalance — Stellar chains fetches Stellar balance via REST API","invocations":1,"location":null,"numPassingAsserts":2,"retryReasons":[],"status":"passed","title":"fetches Stellar balance via REST API"},{"ancestorTitles":["balanceFetcher — multi-chain support","fetchNativeBalance — Stellar chains"],"duration":1,"failureDetails":[],"failureMessages":[],"fullName":"balanceFetcher — multi-chain support fetchNativeBalance — Stellar chains returns zero for 404","invocations":1,"location":null,"numPassingAsserts":1,"retryReasons":[],"status":"passed","title":"returns zero for 404"},{"ancestorTitles":["balanceFetcher — multi-chain support","fetchERC20Balances"],"duration":23,"failureDetails":[],"failureMessages":[],"fullName":"balanceFetcher — multi-chain support fetchERC20Balances fetches ERC20 balances using Alchemy if available","invocations":1,"location":null,"numPassingAsserts":3,"retryReasons":[],"status":"passed","title":"fetches ERC20 balances using Alchemy if available"},{"ancestorTitles":["balanceFetcher — multi-chain support","fetchERC20Balances"],"duration":1,"failureDetails":[],"failureMessages":[],"fullName":"balanceFetcher — multi-chain support fetchERC20Balances falls back to hardcoded tokens on EVM without Alchemy","invocations":1,"location":null,"numPassingAsserts":1,"retryReasons":[],"status":"passed","title":"falls back to hardcoded tokens on EVM without Alchemy"},{"ancestorTitles":["balanceFetcher — multi-chain support","fetchAllBalances"],"duration":13,"failureDetails":[],"failureMessages":[],"fullName":"balanceFetcher — multi-chain support fetchAllBalances fetches all balances for SVM (Solana)","invocations":1,"location":null,"numPassingAsserts":3,"retryReasons":[],"status":"passed","title":"fetches all balances for SVM (Solana)"},{"ancestorTitles":["balanceFetcher — multi-chain support","fetchAllBalances"],"duration":2,"failureDetails":[],"failureMessages":[],"fullName":"balanceFetcher — multi-chain support fetchAllBalances fetches all balances for XLM (Stellar)","invocations":1,"location":null,"numPassingAsserts":4,"retryReasons":[],"status":"passed","title":"fetches all balances for XLM (Stellar)"},{"ancestorTitles":["balanceFetcher — multi-chain support","formatBalanceForDisplay"],"duration":1,"failureDetails":[],"failureMessages":[],"fullName":"balanceFetcher — multi-chain support formatBalanceForDisplay formats 0 properly","invocations":1,"location":null,"numPassingAsserts":1,"retryReasons":[],"status":"passed","title":"formats 0 properly"},{"ancestorTitles":["balanceFetcher — multi-chain support","formatBalanceForDisplay"],"duration":0,"failureDetails":[],"failureMessages":[],"fullName":"balanceFetcher — multi-chain support formatBalanceForDisplay formats small numbers","invocations":1,"location":null,"numPassingAsserts":1,"retryReasons":[],"status":"passed","title":"formats small numbers"},{"ancestorTitles":["balanceFetcher — multi-chain support","formatBalanceForDisplay"],"duration":1,"failureDetails":[],"failureMessages":[],"fullName":"balanceFetcher — multi-chain support formatBalanceForDisplay formats medium numbers","invocations":1,"location":null,"numPassingAsserts":1,"retryReasons":[],"status":"passed","title":"formats medium numbers"},{"ancestorTitles":["balanceFetcher — multi-chain support","formatBalanceForDisplay"],"duration":72,"failureDetails":[],"failureMessages":[],"fullName":"balanceFetcher — multi-chain support formatBalanceForDisplay formats large numbers","invocations":1,"location":null,"numPassingAsserts":1,"retryReasons":[],"status":"passed","title":"formats large numbers"}],"endTime":1780215566434,"message":"","name":"D:\\Veilpay\\apps\\consumer-app\\src\\utils\\__tests__\\balanceFetcher.test.ts","startTime":1780215560611,"status":"passed","summary":""},{"assertionResults":[{"ancestorTitles":["DepositCryptoScreen"],"duration":1337,"failureDetails":[],"failureMessages":[],"fullName":"DepositCryptoScreen renders the live buy flow","invocations":1,"location":null,"numPassingAsserts":6,"retryReasons":[],"status":"passed","title":"renders the live buy flow"},{"ancestorTitles":["DepositCryptoScreen"],"duration":150,"failureDetails":[],"failureMessages":[],"fullName":"DepositCryptoScreen shows quick amount chips","invocations":1,"location":null,"numPassingAsserts":3,"retryReasons":[],"status":"passed","title":"shows quick amount chips"},{"ancestorTitles":["DepositCryptoScreen"],"duration":193,"failureDetails":[],"failureMessages":[],"fullName":"DepositCryptoScreen shows currency and payment options","invocations":1,"location":null,"numPassingAsserts":9,"retryReasons":[],"status":"passed","title":"shows currency and payment options"},{"ancestorTitles":["DepositCryptoScreen"],"duration":104,"failureDetails":[],"failureMessages":[],"fullName":"DepositCryptoScreen shows token prices and 24h change","invocations":1,"location":null,"numPassingAsserts":5,"retryReasons":[],"status":"passed","title":"shows token prices and 24h change"},{"ancestorTitles":["DepositCryptoScreen"],"duration":465,"failureDetails":[],"failureMessages":[],"fullName":"DepositCryptoScreen navigates to the in-app Transak webview","invocations":1,"location":null,"numPassingAsserts":2,"retryReasons":[],"status":"passed","title":"navigates to the in-app Transak webview"},{"ancestorTitles":["DepositCryptoScreen"],"duration":400,"failureDetails":[],"failureMessages":[],"fullName":"DepositCryptoScreen requires biometrics before continuing when enabled","invocations":1,"location":null,"numPassingAsserts":4,"retryReasons":[],"status":"passed","title":"requires biometrics before continuing when enabled"},{"ancestorTitles":["DepositCryptoScreen"],"duration":73,"failureDetails":[],"failureMessages":[],"fullName":"DepositCryptoScreen shows fee breakdown","invocations":1,"location":null,"numPassingAsserts":3,"retryReasons":[],"status":"passed","title":"shows fee breakdown"},{"ancestorTitles":["DepositCryptoScreen"],"duration":268,"failureDetails":[],"failureMessages":[],"fullName":"DepositCryptoScreen handles back navigation","invocations":1,"location":null,"numPassingAsserts":2,"retryReasons":[],"status":"passed","title":"handles back navigation"}],"endTime":1780215567801,"message":"","name":"D:\\Veilpay\\apps\\consumer-app\\src\\screens\\__tests__\\DepositCryptoScreen.test.tsx","startTime":1780215558581,"status":"passed","summary":""},{"assertionResults":[{"ancestorTitles":["secureSigner","deriveAddressFromStoredMnemonic"],"duration":37,"failureDetails":[],"failureMessages":[],"fullName":"secureSigner deriveAddressFromStoredMnemonic returns the derived address","invocations":1,"location":null,"numPassingAsserts":2,"retryReasons":[],"status":"passed","title":"returns the derived address"},{"ancestorTitles":["secureSigner","deriveAddressFromStoredMnemonic"],"duration":3,"failureDetails":[],"failureMessages":[],"fullName":"secureSigner deriveAddressFromStoredMnemonic returns null if no mnemonic","invocations":1,"location":null,"numPassingAsserts":1,"retryReasons":[],"status":"passed","title":"returns null if no mnemonic"},{"ancestorTitles":["secureSigner","signAndSendTransaction"],"duration":4,"failureDetails":[],"failureMessages":[],"fullName":"secureSigner signAndSendTransaction signs and broadcasts a transaction","invocations":1,"location":null,"numPassingAsserts":3,"retryReasons":[],"status":"passed","title":"signs and broadcasts a transaction"},{"ancestorTitles":["secureSigner","signAndSendTransaction"],"duration":265,"failureDetails":[],"failureMessages":[],"fullName":"secureSigner signAndSendTransaction rejects invalid recipient address","invocations":1,"location":null,"numPassingAsserts":1,"retryReasons":[],"status":"passed","title":"rejects invalid recipient address"},{"ancestorTitles":["secureSigner","signAndSendTransaction"],"duration":3,"failureDetails":[],"failureMessages":[],"fullName":"secureSigner signAndSendTransaction rejects unsupported network","invocations":1,"location":null,"numPassingAsserts":1,"retryReasons":[],"status":"passed","title":"rejects unsupported network"},{"ancestorTitles":["secureSigner","signAndSendTransaction"],"duration":13,"failureDetails":[],"failureMessages":[],"fullName":"secureSigner signAndSendTransaction throws insufficient funds if balance is too low","invocations":1,"location":null,"numPassingAsserts":1,"retryReasons":[],"status":"passed","title":"throws insufficient funds if balance is too low"},{"ancestorTitles":["secureSigner","signAndSendTransaction"],"duration":103,"failureDetails":[],"failureMessages":[],"fullName":"secureSigner signAndSendTransaction throws if amount is zero or invalid","invocations":1,"location":null,"numPassingAsserts":2,"retryReasons":[],"status":"passed","title":"throws if amount is zero or invalid"},{"ancestorTitles":["secureSigner","signAndSendTransaction"],"duration":2,"failureDetails":[],"failureMessages":[],"fullName":"secureSigner signAndSendTransaction throws if no mnemonic found","invocations":1,"location":null,"numPassingAsserts":1,"retryReasons":[],"status":"passed","title":"throws if no mnemonic found"},{"ancestorTitles":["secureSigner","signAndSendTransaction"],"duration":2,"failureDetails":[],"failureMessages":[],"fullName":"secureSigner signAndSendTransaction handles unexpected error in signing","invocations":1,"location":null,"numPassingAsserts":1,"retryReasons":[],"status":"passed","title":"handles unexpected error in signing"},{"ancestorTitles":["secureSigner","signAndSendTransaction"],"duration":3,"failureDetails":[],"failureMessages":[],"fullName":"secureSigner signAndSendTransaction uses biometric token and checks count","invocations":1,"location":null,"numPassingAsserts":3,"retryReasons":[],"status":"passed","title":"uses biometric token and checks count"},{"ancestorTitles":["secureSigner","replaceTransaction"],"duration":2,"failureDetails":[],"failureMessages":[],"fullName":"secureSigner replaceTransaction speeds up a transaction","invocations":1,"location":null,"numPassingAsserts":2,"retryReasons":[],"status":"passed","title":"speeds up a transaction"},{"ancestorTitles":["secureSigner","replaceTransaction"],"duration":2,"failureDetails":[],"failureMessages":[],"fullName":"secureSigner replaceTransaction cancels a transaction","invocations":1,"location":null,"numPassingAsserts":3,"retryReasons":[],"status":"passed","title":"cancels a transaction"},{"ancestorTitles":["secureSigner","replaceTransaction"],"duration":1,"failureDetails":[],"failureMessages":[],"fullName":"secureSigner replaceTransaction throws if transaction already confirmed","invocations":1,"location":null,"numPassingAsserts":1,"retryReasons":[],"status":"passed","title":"throws if transaction already confirmed"},{"ancestorTitles":["secureSigner","replaceTransaction"],"duration":1,"failureDetails":[],"failureMessages":[],"fullName":"secureSigner replaceTransaction throws if original tx not found","invocations":1,"location":null,"numPassingAsserts":1,"retryReasons":[],"status":"passed","title":"throws if original tx not found"},{"ancestorTitles":["secureSigner","replaceTransaction"],"duration":1,"failureDetails":[],"failureMessages":[],"fullName":"secureSigner replaceTransaction throws if no wallet is stored","invocations":1,"location":null,"numPassingAsserts":1,"retryReasons":[],"status":"passed","title":"throws if no wallet is stored"}],"endTime":1780215568569,"message":"","name":"D:\\Veilpay\\apps\\consumer-app\\src\\utils\\__tests__\\secureSigner.test.ts","startTime":1780215566472,"status":"passed","summary":""},{"assertionResults":[{"ancestorTitles":["marketData utility tests","createFallbackQuoteMap"],"duration":236,"failureDetails":[],"failureMessages":[],"fullName":"marketData utility tests createFallbackQuoteMap returns a correct fallback quote map with normalized symbols","invocations":1,"location":null,"numPassingAsserts":12,"retryReasons":[],"status":"passed","title":"returns a correct fallback quote map with normalized symbols"},{"ancestorTitles":["marketData utility tests","getTokenMarketQuote"],"duration":12,"failureDetails":[],"failureMessages":[],"fullName":"marketData utility tests getTokenMarketQuote successfully resolves a single token quote from Binance","invocations":1,"location":null,"numPassingAsserts":1,"retryReasons":[],"status":"passed","title":"successfully resolves a single token quote from Binance"},{"ancestorTitles":["marketData utility tests","getTokenMarketQuote"],"duration":133,"failureDetails":[],"failureMessages":[],"fullName":"marketData utility tests getTokenMarketQuote falls back to default quote when single token fetch fails","invocations":1,"location":null,"numPassingAsserts":3,"retryReasons":[],"status":"passed","title":"falls back to default quote when single token fetch fails"},{"ancestorTitles":["marketData utility tests","getCachedTokenMarketQuote"],"duration":6,"failureDetails":[],"failureMessages":[],"fullName":"marketData utility tests getCachedTokenMarketQuote returns fallback quote initially when cache is completely empty","invocations":1,"location":null,"numPassingAsserts":3,"retryReasons":[],"status":"passed","title":"returns fallback quote initially when cache is completely empty"},{"ancestorTitles":["marketData utility tests","getCachedTokenMarketQuote"],"duration":8,"failureDetails":[],"failureMessages":[],"fullName":"marketData utility tests getCachedTokenMarketQuote returns cached quote after it has been populated in memory cache","invocations":1,"location":null,"numPassingAsserts":3,"retryReasons":[],"status":"passed","title":"returns cached quote after it has been populated in memory cache"},{"ancestorTitles":["marketData utility tests","getTokenMarketData flows"],"duration":9,"failureDetails":[],"failureMessages":[],"fullName":"marketData utility tests getTokenMarketData flows returns empty object if empty array of symbols is supplied","invocations":1,"location":null,"numPassingAsserts":1,"retryReasons":[],"status":"passed","title":"returns empty object if empty array of symbols is supplied"},{"ancestorTitles":["marketData utility tests","getTokenMarketData flows"],"duration":33,"failureDetails":[],"failureMessages":[],"fullName":"marketData utility tests getTokenMarketData flows loads fresh cached quotes from AsyncStorage without executing network fetch if preferCache is enabled","invocations":1,"location":null,"numPassingAsserts":4,"retryReasons":[],"status":"passed","title":"loads fresh cached quotes from AsyncStorage without executing network fetch if preferCache is enabled"},{"ancestorTitles":["marketData utility tests","getTokenMarketData flows"],"duration":14,"failureDetails":[],"failureMessages":[],"fullName":"marketData utility tests getTokenMarketData flows triggers network fetch if preferCache is true but cache items are stale","invocations":1,"location":null,"numPassingAsserts":3,"retryReasons":[],"status":"passed","title":"triggers network fetch if preferCache is true but cache items are stale"},{"ancestorTitles":["marketData utility tests","getTokenMarketData flows"],"duration":9,"failureDetails":[],"failureMessages":[],"fullName":"marketData utility tests getTokenMarketData flows handles Binance API 429 status code with exponential delay retry and eventual success","invocations":1,"location":null,"numPassingAsserts":4,"retryReasons":[],"status":"passed","title":"handles Binance API 429 status code with exponential delay retry and eventual success"},{"ancestorTitles":["marketData utility tests","getTokenMarketData flows"],"duration":31,"failureDetails":[],"failureMessages":[],"fullName":"marketData utility tests getTokenMarketData flows gives up fetching after maximum retries are exhausted and falls back to storage cache/fallback","invocations":1,"location":null,"numPassingAsserts":3,"retryReasons":[],"status":"passed","title":"gives up fetching after maximum retries are exhausted and falls back to storage cache/fallback"},{"ancestorTitles":["marketData utility tests","getTokenMarketData flows"],"duration":9,"failureDetails":[],"failureMessages":[],"fullName":"marketData utility tests getTokenMarketData flows throws error and falls back when non-429 error statuses are returned from Binance","invocations":1,"location":null,"numPassingAsserts":3,"retryReasons":[],"status":"passed","title":"throws error and falls back when non-429 error statuses are returned from Binance"},{"ancestorTitles":["marketData utility tests","getTokenMarketData flows"],"duration":7,"failureDetails":[],"failureMessages":[],"fullName":"marketData utility tests getTokenMarketData flows deduplicates concurrent identical requests via inFlightRequests Map cache","invocations":1,"location":null,"numPassingAsserts":5,"retryReasons":[],"status":"passed","title":"deduplicates concurrent identical requests via inFlightRequests Map cache"},{"ancestorTitles":["marketData utility tests","getTokenMarketData flows"],"duration":8,"failureDetails":[],"failureMessages":[],"fullName":"marketData utility tests getTokenMarketData flows safely resolves hardcoded stablecoin prices if they fail to be mapped or fetched","invocations":1,"location":null,"numPassingAsserts":9,"retryReasons":[],"status":"passed","title":"safely resolves hardcoded stablecoin prices if they fail to be mapped or fetched"},{"ancestorTitles":["marketData utility tests","getTokenMarketData flows"],"duration":33,"failureDetails":[],"failureMessages":[],"fullName":"marketData utility tests getTokenMarketData flows recovers gracefully from JSON corruption inside cached AsyncStorage payload","invocations":1,"location":null,"numPassingAsserts":3,"retryReasons":[],"status":"passed","title":"recovers gracefully from JSON corruption inside cached AsyncStorage payload"},{"ancestorTitles":["marketData utility tests","getTokenMarketData flows"],"duration":19,"failureDetails":[],"failureMessages":[],"fullName":"marketData utility tests getTokenMarketData flows ignores corrupted cached quotes with invalid structures during cache load","invocations":1,"location":null,"numPassingAsserts":1,"retryReasons":[],"status":"passed","title":"ignores corrupted cached quotes with invalid structures during cache load"},{"ancestorTitles":["marketData utility tests","getTokenMarketData flows"],"duration":49,"failureDetails":[],"failureMessages":[],"fullName":"marketData utility tests getTokenMarketData flows falls back to cache quote even if cache quote is marked as fallback","invocations":1,"location":null,"numPassingAsserts":3,"retryReasons":[],"status":"passed","title":"falls back to cache quote even if cache quote is marked as fallback"}],"endTime":1780215570119,"message":"","name":"D:\\Veilpay\\apps\\consumer-app\\src\\utils\\__tests__\\marketData.test.ts","startTime":1780215568638,"status":"passed","summary":""},{"assertionResults":[{"ancestorTitles":["txStatusPoller utility tests"],"duration":116,"failureDetails":[],"failureMessages":[],"fullName":"txStatusPoller utility tests immediately registers a pending transaction record and polls for success","invocations":1,"location":null,"numPassingAsserts":7,"retryReasons":[],"status":"passed","title":"immediately registers a pending transaction record and polls for success"},{"ancestorTitles":["txStatusPoller utility tests"],"duration":2,"failureDetails":[],"failureMessages":[],"fullName":"txStatusPoller utility tests correctly handles transaction failure on-chain","invocations":1,"location":null,"numPassingAsserts":3,"retryReasons":[],"status":"passed","title":"correctly handles transaction failure on-chain"},{"ancestorTitles":["txStatusPoller utility tests"],"duration":17,"failureDetails":[],"failureMessages":[],"fullName":"txStatusPoller utility tests backs off exponentially and retries on transient RPC failures","invocations":1,"location":null,"numPassingAsserts":3,"retryReasons":[],"status":"passed","title":"backs off exponentially and retries on transient RPC failures"},{"ancestorTitles":["txStatusPoller utility tests"],"duration":5,"failureDetails":[],"failureMessages":[],"fullName":"txStatusPoller utility tests respects AbortSignal cancellation during sleep or wait loops","invocations":1,"location":null,"numPassingAsserts":3,"retryReasons":[],"status":"passed","title":"respects AbortSignal cancellation during sleep or wait loops"},{"ancestorTitles":["txStatusPoller utility tests"],"duration":6,"failureDetails":[],"failureMessages":[],"fullName":"txStatusPoller utility tests times out safely after MAX_POLL_DURATION_MS (120s) returning pending status","invocations":1,"location":null,"numPassingAsserts":3,"retryReasons":[],"status":"passed","title":"times out safely after MAX_POLL_DURATION_MS (120s) returning pending status"}],"endTime":1780215571717,"message":"","name":"D:\\Veilpay\\apps\\consumer-app\\src\\utils\\__tests__\\txStatusPoller.test.ts","startTime":1780215570244,"status":"passed","summary":""},{"assertionResults":[{"ancestorTitles":["multiChainSigner","isNonEvmChain"],"duration":30,"failureDetails":[],"failureMessages":[],"fullName":"multiChainSigner isNonEvmChain returns true for Solana","invocations":1,"location":null,"numPassingAsserts":2,"retryReasons":[],"status":"passed","title":"returns true for Solana"},{"ancestorTitles":["multiChainSigner","isNonEvmChain"],"duration":4,"failureDetails":[],"failureMessages":[],"fullName":"multiChainSigner isNonEvmChain returns true for Aptos","invocations":1,"location":null,"numPassingAsserts":1,"retryReasons":[],"status":"passed","title":"returns true for Aptos"},{"ancestorTitles":["multiChainSigner","isNonEvmChain"],"duration":8,"failureDetails":[],"failureMessages":[],"fullName":"multiChainSigner isNonEvmChain returns true for Stellar","invocations":1,"location":null,"numPassingAsserts":2,"retryReasons":[],"status":"passed","title":"returns true for Stellar"},{"ancestorTitles":["multiChainSigner","isNonEvmChain"],"duration":1,"failureDetails":[],"failureMessages":[],"fullName":"multiChainSigner isNonEvmChain returns false for non-existent chains","invocations":1,"location":null,"numPassingAsserts":3,"retryReasons":[],"status":"passed","title":"returns false for non-existent chains"},{"ancestorTitles":["multiChainSigner","signAndSendNonEvmTransaction"],"duration":6,"failureDetails":[],"failureMessages":[],"fullName":"multiChainSigner signAndSendNonEvmTransaction rejects invalid Solana address format","invocations":1,"location":null,"numPassingAsserts":1,"retryReasons":[],"status":"passed","title":"rejects invalid Solana address format"},{"ancestorTitles":["multiChainSigner","signAndSendNonEvmTransaction"],"duration":14,"failureDetails":[],"failureMessages":[],"fullName":"multiChainSigner signAndSendNonEvmTransaction rejects invalid Aptos address format","invocations":1,"location":null,"numPassingAsserts":1,"retryReasons":[],"status":"passed","title":"rejects invalid Aptos address format"},{"ancestorTitles":["multiChainSigner","signAndSendNonEvmTransaction"],"duration":1,"failureDetails":[],"failureMessages":[],"fullName":"multiChainSigner signAndSendNonEvmTransaction rejects invalid Stellar address format","invocations":1,"location":null,"numPassingAsserts":1,"retryReasons":[],"status":"passed","title":"rejects invalid Stellar address format"},{"ancestorTitles":["multiChainSigner","signAndSendNonEvmTransaction"],"duration":1,"failureDetails":[],"failureMessages":[],"fullName":"multiChainSigner signAndSendNonEvmTransaction throws for unsupported chain","invocations":1,"location":null,"numPassingAsserts":1,"retryReasons":[],"status":"passed","title":"throws for unsupported chain"},{"ancestorTitles":["multiChainSigner","signAndSendNonEvmTransaction"],"duration":13,"failureDetails":[],"failureMessages":[],"fullName":"multiChainSigner signAndSendNonEvmTransaction throws if no wallet is stored","invocations":1,"location":null,"numPassingAsserts":1,"retryReasons":[],"status":"passed","title":"throws if no wallet is stored"},{"ancestorTitles":["multiChainSigner","signAndSendNonEvmTransaction"],"duration":33,"failureDetails":[],"failureMessages":[],"fullName":"multiChainSigner signAndSendNonEvmTransaction rejects invalid amount format","invocations":1,"location":null,"numPassingAsserts":1,"retryReasons":[],"status":"passed","title":"rejects invalid amount format"},{"ancestorTitles":["multiChainSigner","Solana transaction flow"],"duration":385,"failureDetails":[],"failureMessages":[],"fullName":"multiChainSigner Solana transaction flow submits a transfer via Solana Web3","invocations":1,"location":null,"numPassingAsserts":1,"retryReasons":[],"status":"passed","title":"submits a transfer via Solana Web3"},{"ancestorTitles":["multiChainSigner","Aptos transaction flow"],"duration":22,"failureDetails":[],"failureMessages":[],"fullName":"multiChainSigner Aptos transaction flow submits a transfer via Aptos SDK","invocations":1,"location":null,"numPassingAsserts":1,"retryReasons":[],"status":"passed","title":"submits a transfer via Aptos SDK"},{"ancestorTitles":["multiChainSigner","Aptos transaction flow"],"duration":207,"failureDetails":[],"failureMessages":[],"fullName":"multiChainSigner Aptos transaction flow throws if Aptos SDK throws an error","invocations":1,"location":null,"numPassingAsserts":1,"retryReasons":[],"status":"passed","title":"throws if Aptos SDK throws an error"},{"ancestorTitles":["multiChainSigner","Stellar transaction flow"],"duration":172,"failureDetails":[],"failureMessages":[],"fullName":"multiChainSigner Stellar transaction flow submits a transfer via Stellar SDK","invocations":1,"location":null,"numPassingAsserts":1,"retryReasons":[],"status":"passed","title":"submits a transfer via Stellar SDK"},{"ancestorTitles":["multiChainSigner","Stellar transaction flow"],"duration":171,"failureDetails":[],"failureMessages":[],"fullName":"multiChainSigner Stellar transaction flow throws for Stellar with proper error message on network failure","invocations":1,"location":null,"numPassingAsserts":1,"retryReasons":[],"status":"passed","title":"throws for Stellar with proper error message on network failure"},{"ancestorTitles":["multiChainSigner","Stellar transaction flow"],"duration":118,"failureDetails":[],"failureMessages":[],"fullName":"multiChainSigner Stellar transaction flow throws for Stellar insufficient funds","invocations":1,"location":null,"numPassingAsserts":1,"retryReasons":[],"status":"passed","title":"throws for Stellar insufficient funds"}],"endTime":1780215572375,"message":"","name":"D:\\Veilpay\\apps\\consumer-app\\src\\utils\\__tests__\\multiChainSigner.test.ts","startTime":1780215565929,"status":"passed","summary":""},{"assertionResults":[{"ancestorTitles":["E2E: Wallet Flow"],"duration":652,"failureDetails":[],"failureMessages":[],"fullName":"E2E: Wallet Flow should initialize empty wallet state correctly","invocations":1,"location":null,"numPassingAsserts":2,"retryReasons":[],"status":"passed","title":"should initialize empty wallet state correctly"}],"endTime":1780215571276,"message":"","name":"D:\\Veilpay\\apps\\consumer-app\\tests\\e2e\\walletFlow.test.ts","startTime":1780215434931,"status":"passed","summary":""},{"assertionResults":[{"ancestorTitles":["priceFeed utility tests","getTokenPrice"],"duration":35,"failureDetails":[],"failureMessages":[],"fullName":"priceFeed utility tests getTokenPrice successfully fetches from Binance (primary source) and caches the result","invocations":1,"location":null,"numPassingAsserts":3,"retryReasons":[],"status":"passed","title":"successfully fetches from Binance (primary source) and caches the result"},{"ancestorTitles":["priceFeed utility tests","getTokenPrice"],"duration":3,"failureDetails":[],"failureMessages":[],"fullName":"priceFeed utility tests getTokenPrice retries on Binance 429 rate limit and succeeds on subsequent try","invocations":1,"location":null,"numPassingAsserts":4,"retryReasons":[],"status":"passed","title":"retries on Binance 429 rate limit and succeeds on subsequent try"},{"ancestorTitles":["priceFeed utility tests","getTokenPrice"],"duration":1,"failureDetails":[],"failureMessages":[],"fullName":"priceFeed utility tests getTokenPrice fails Binance after maximum retries and falls back to CoinCap","invocations":1,"location":null,"numPassingAsserts":2,"retryReasons":[],"status":"passed","title":"fails Binance after maximum retries and falls back to CoinCap"},{"ancestorTitles":["priceFeed utility tests","getTokenPrice"],"duration":1,"failureDetails":[],"failureMessages":[],"fullName":"priceFeed utility tests getTokenPrice falls back to local AsyncStorage cache if both APIs fail","invocations":1,"location":null,"numPassingAsserts":1,"retryReasons":[],"status":"passed","title":"falls back to local AsyncStorage cache if both APIs fail"},{"ancestorTitles":["priceFeed utility tests","getTokenPrice"],"duration":2,"failureDetails":[],"failureMessages":[],"fullName":"priceFeed utility tests getTokenPrice identifies cache as stale if last updated timestamp exceeds CACHE_DURATION","invocations":1,"location":null,"numPassingAsserts":3,"retryReasons":[],"status":"passed","title":"identifies cache as stale if last updated timestamp exceeds CACHE_DURATION"},{"ancestorTitles":["priceFeed utility tests","getTokenPrice"],"duration":1,"failureDetails":[],"failureMessages":[],"fullName":"priceFeed utility tests getTokenPrice uses hardcoded fallback values if APIs fail and cache is empty","invocations":1,"location":null,"numPassingAsserts":1,"retryReasons":[],"status":"passed","title":"uses hardcoded fallback values if APIs fail and cache is empty"},{"ancestorTitles":["priceFeed utility tests","getTokenPrice"],"duration":2,"failureDetails":[],"failureMessages":[],"fullName":"priceFeed utility tests getTokenPrice uses a standard fallback of 1.0 if both APIs and cache fail, and the symbol is unknown","invocations":1,"location":null,"numPassingAsserts":3,"retryReasons":[],"status":"passed","title":"uses a standard fallback of 1.0 if both APIs and cache fail, and the symbol is unknown"},{"ancestorTitles":["priceFeed utility tests","getETHPrice legacy wrapper"],"duration":1,"failureDetails":[],"failureMessages":[],"fullName":"priceFeed utility tests getETHPrice legacy wrapper successfully wraps getTokenPrice for backwards compatibility","invocations":1,"location":null,"numPassingAsserts":2,"retryReasons":[],"status":"passed","title":"successfully wraps getTokenPrice for backwards compatibility"},{"ancestorTitles":["priceFeed utility tests","convertTokenToUsd"],"duration":3,"failureDetails":[],"failureMessages":[],"fullName":"priceFeed utility tests convertTokenToUsd correctly converts token amount to USD based on live price","invocations":1,"location":null,"numPassingAsserts":3,"retryReasons":[],"status":"passed","title":"correctly converts token amount to USD based on live price"},{"ancestorTitles":["priceFeed utility tests","convertTokenToUsd"],"duration":1,"failureDetails":[],"failureMessages":[],"fullName":"priceFeed utility tests convertTokenToUsd supports string amounts","invocations":1,"location":null,"numPassingAsserts":2,"retryReasons":[],"status":"passed","title":"supports string amounts"},{"ancestorTitles":["priceFeed utility tests","formatUsdValue"],"duration":128,"failureDetails":[],"failureMessages":[],"fullName":"priceFeed utility tests formatUsdValue formats a decimal number into premium USD currency display format","invocations":1,"location":null,"numPassingAsserts":2,"retryReasons":[],"status":"passed","title":"formats a decimal number into premium USD currency display format"},{"ancestorTitles":["priceFeed utility tests","formatLastUpdated"],"duration":2,"failureDetails":[],"failureMessages":[],"fullName":"priceFeed utility tests formatLastUpdated returns \"just now\" for changes under a minute","invocations":1,"location":null,"numPassingAsserts":1,"retryReasons":[],"status":"passed","title":"returns \"just now\" for changes under a minute"},{"ancestorTitles":["priceFeed utility tests","formatLastUpdated"],"duration":3,"failureDetails":[],"failureMessages":[],"fullName":"priceFeed utility tests formatLastUpdated returns \"Xm ago\" for changes under an hour","invocations":1,"location":null,"numPassingAsserts":1,"retryReasons":[],"status":"passed","title":"returns \"Xm ago\" for changes under an hour"},{"ancestorTitles":["priceFeed utility tests","formatLastUpdated"],"duration":1,"failureDetails":[],"failureMessages":[],"fullName":"priceFeed utility tests formatLastUpdated returns \"Xh ago\" for changes older than an hour","invocations":1,"location":null,"numPassingAsserts":1,"retryReasons":[],"status":"passed","title":"returns \"Xh ago\" for changes older than an hour"}],"endTime":1780215574156,"message":"","name":"D:\\Veilpay\\apps\\consumer-app\\src\\utils\\__tests__\\priceFeed.test.ts","startTime":1780215571816,"status":"passed","summary":""},{"assertionResults":[{"ancestorTitles":["Property 7: Stealth ECDH round-trip"],"duration":2715,"failureDetails":[],"failureMessages":[],"fullName":"Property 7: Stealth ECDH round-trip derives a valid non-zero EVM address, returns true for the matching keypair, and false for any independent keypair","invocations":1,"location":null,"numPassingAsserts":100,"retryReasons":[],"status":"passed","title":"derives a valid non-zero EVM address, returns true for the matching keypair, and false for any independent keypair"}],"endTime":1780215575003,"message":"","name":"D:\\Veilpay\\apps\\consumer-app\\src\\utils\\__tests__\\stealthEngine.property.test.ts","startTime":1780215558963,"status":"passed","summary":""},{"assertionResults":[{"ancestorTitles":["multiChainDerivation utility tests"],"duration":14331,"failureDetails":[],"failureMessages":[],"fullName":"multiChainDerivation utility tests correctly derives deterministic addresses for all supported chains from mnemonic","invocations":1,"location":null,"numPassingAsserts":12,"retryReasons":[],"status":"passed","title":"correctly derives deterministic addresses for all supported chains from mnemonic"}],"endTime":1780215572745,"message":"","name":"D:\\Veilpay\\apps\\consumer-app\\src\\utils\\__tests__\\multiChainDerivation.test.ts","startTime":1780215434941,"status":"passed","summary":""},{"assertionResults":[{"ancestorTitles":["Property 18: Stealth scanner completeness within two polling intervals"],"duration":1274,"failureDetails":[],"failureMessages":[],"fullName":"Property 18: Stealth scanner completeness within two polling intervals observes every match within two successful ticks of the chain head reaching its block, and never advances the cursor on a failed tick","invocations":1,"location":null,"numPassingAsserts":2075,"retryReasons":[],"status":"passed","title":"observes every match within two successful ticks of the chain head reaching its block, and never advances the cursor on a failed tick"}],"endTime":1780215576932,"message":"","name":"D:\\Veilpay\\apps\\consumer-app\\src\\hooks\\__tests__\\useStealthScanner.property.test.ts","startTime":1780215572454,"status":"passed","summary":""},{"assertionResults":[{"ancestorTitles":["Security Module","isSecureScreen"],"duration":2,"failureDetails":[],"failureMessages":[],"fullName":"Security Module isSecureScreen returns true for sensitive screens","invocations":1,"location":null,"numPassingAsserts":6,"retryReasons":[],"status":"passed","title":"returns true for sensitive screens"},{"ancestorTitles":["Security Module","isSecureScreen"],"duration":2,"failureDetails":[],"failureMessages":[],"fullName":"Security Module isSecureScreen returns false for non-sensitive screens","invocations":1,"location":null,"numPassingAsserts":3,"retryReasons":[],"status":"passed","title":"returns false for non-sensitive screens"},{"ancestorTitles":["Security Module","assertDeviceSecurity"],"duration":30,"failureDetails":[],"failureMessages":[],"fullName":"Security Module assertDeviceSecurity passes in development (__DEV__) with warning","invocations":1,"location":null,"numPassingAsserts":1,"retryReasons":[],"status":"passed","title":"passes in development (__DEV__) with warning"},{"ancestorTitles":["Security Module","assertDeviceSecurity"],"duration":2,"failureDetails":[],"failureMessages":[],"fullName":"Security Module assertDeviceSecurity throws on devices marked as rooted","invocations":1,"location":null,"numPassingAsserts":1,"retryReasons":[],"status":"passed","title":"throws on devices marked as rooted"},{"ancestorTitles":["Security Module","verifyDappUrl"],"duration":515,"failureDetails":[],"failureMessages":[],"fullName":"Security Module verifyDappUrl verifies trusted domains","invocations":1,"location":null,"numPassingAsserts":3,"retryReasons":[],"status":"passed","title":"verifies trusted domains"},{"ancestorTitles":["Security Module","verifyDappUrl"],"duration":26,"failureDetails":[],"failureMessages":[],"fullName":"Security Module verifyDappUrl blocks known phishing domains","invocations":1,"location":null,"numPassingAsserts":3,"retryReasons":[],"status":"passed","title":"blocks known phishing domains"},{"ancestorTitles":["Security Module","verifyDappUrl"],"duration":252,"failureDetails":[],"failureMessages":[],"fullName":"Security Module verifyDappUrl warns about untrusted domains","invocations":1,"location":null,"numPassingAsserts":3,"retryReasons":[],"status":"passed","title":"warns about untrusted domains"},{"ancestorTitles":["Security Module","verifyDappUrl"],"duration":2,"failureDetails":[],"failureMessages":[],"fullName":"Security Module verifyDappUrl flags suspicious free domains","invocations":1,"location":null,"numPassingAsserts":3,"retryReasons":[],"status":"passed","title":"flags suspicious free domains"},{"ancestorTitles":["Security Module","verifyDappUrl"],"duration":34,"failureDetails":[],"failureMessages":[],"fullName":"Security Module verifyDappUrl warns about IP addresses","invocations":1,"location":null,"numPassingAsserts":3,"retryReasons":[],"status":"passed","title":"warns about IP addresses"},{"ancestorTitles":["Security Module","verifyDappUrl"],"duration":1,"failureDetails":[],"failureMessages":[],"fullName":"Security Module verifyDappUrl handles invalid URLs gracefully","invocations":1,"location":null,"numPassingAsserts":3,"retryReasons":[],"status":"passed","title":"handles invalid URLs gracefully"},{"ancestorTitles":["Security Module","containsHomoglyphs"],"duration":2,"failureDetails":[],"failureMessages":[],"fullName":"Security Module containsHomoglyphs detects Cyrillic-pretending-ASCII","invocations":1,"location":null,"numPassingAsserts":1,"retryReasons":[],"status":"passed","title":"detects Cyrillic-pretending-ASCII"},{"ancestorTitles":["Security Module","containsHomoglyphs"],"duration":18,"failureDetails":[],"failureMessages":[],"fullName":"Security Module containsHomoglyphs returns false for plain ASCII","invocations":1,"location":null,"numPassingAsserts":2,"retryReasons":[],"status":"passed","title":"returns false for plain ASCII"},{"ancestorTitles":["Security Module","containsHomoglyphs"],"duration":2,"failureDetails":[],"failureMessages":[],"fullName":"Security Module containsHomoglyphs detects mixed Cyrillic in subdomain","invocations":1,"location":null,"numPassingAsserts":1,"retryReasons":[],"status":"passed","title":"detects mixed Cyrillic in subdomain"},{"ancestorTitles":["Security Module","containsHomoglyphs"],"duration":0,"failureDetails":[],"failureMessages":[],"fullName":"Security Module containsHomoglyphs handles invalid URLs","invocations":1,"location":null,"numPassingAsserts":1,"retryReasons":[],"status":"passed","title":"handles invalid URLs"},{"ancestorTitles":["Security Module","normalizeHomoglyphs"],"duration":1,"failureDetails":[],"failureMessages":[],"fullName":"Security Module normalizeHomoglyphs replaces Cyrillic а with ASCII a","invocations":1,"location":null,"numPassingAsserts":1,"retryReasons":[],"status":"passed","title":"replaces Cyrillic а with ASCII a"},{"ancestorTitles":["Security Module","normalizeHomoglyphs"],"duration":0,"failureDetails":[],"failureMessages":[],"fullName":"Security Module normalizeHomoglyphs replaces Cyrillic р with ASCII p","invocations":1,"location":null,"numPassingAsserts":1,"retryReasons":[],"status":"passed","title":"replaces Cyrillic р with ASCII p"},{"ancestorTitles":["Security Module","normalizeHomoglyphs"],"duration":0,"failureDetails":[],"failureMessages":[],"fullName":"Security Module normalizeHomoglyphs returns plain ASCII unchanged","invocations":1,"location":null,"numPassingAsserts":1,"retryReasons":[],"status":"passed","title":"returns plain ASCII unchanged"},{"ancestorTitles":["Security Module","normalizeHomoglyphs"],"duration":0,"failureDetails":[],"failureMessages":[],"fullName":"Security Module normalizeHomoglyphs handles mixed strings","invocations":1,"location":null,"numPassingAsserts":1,"retryReasons":[],"status":"passed","title":"handles mixed strings"},{"ancestorTitles":["Security Module","isTrustedDeepLink"],"duration":4,"failureDetails":[],"failureMessages":[],"fullName":"Security Module isTrustedDeepLink recognizes veilpay deep links","invocations":1,"location":null,"numPassingAsserts":1,"retryReasons":[],"status":"passed","title":"recognizes veilpay deep links"},{"ancestorTitles":["Security Module","isTrustedDeepLink"],"duration":0,"failureDetails":[],"failureMessages":[],"fullName":"Security Module isTrustedDeepLink recognizes ethereum URIs","invocations":1,"location":null,"numPassingAsserts":1,"retryReasons":[],"status":"passed","title":"recognizes ethereum URIs"},{"ancestorTitles":["Security Module","isTrustedDeepLink"],"duration":0,"failureDetails":[],"failureMessages":[],"fullName":"Security Module isTrustedDeepLink recognizes Solana links","invocations":1,"location":null,"numPassingAsserts":1,"retryReasons":[],"status":"passed","title":"recognizes Solana links"},{"ancestorTitles":["Security Module","isTrustedDeepLink"],"duration":2,"failureDetails":[],"failureMessages":[],"fullName":"Security Module isTrustedDeepLink rejects untrusted URLs","invocations":1,"location":null,"numPassingAsserts":1,"retryReasons":[],"status":"passed","title":"rejects untrusted URLs"},{"ancestorTitles":["Security Module","splitMnemonicIntoShards / reconstructMnemonicFromShards"],"duration":15,"failureDetails":[],"failureMessages":[],"fullName":"Security Module splitMnemonicIntoShards / reconstructMnemonicFromShards splits and reconstructs a mnemonic","invocations":1,"location":null,"numPassingAsserts":4,"retryReasons":[],"status":"passed","title":"splits and reconstructs a mnemonic"},{"ancestorTitles":["Security Module","splitMnemonicIntoShards / reconstructMnemonicFromShards"],"duration":1,"failureDetails":[],"failureMessages":[],"fullName":"Security Module splitMnemonicIntoShards / reconstructMnemonicFromShards verifies shard correctness against original mnemonic","invocations":1,"location":null,"numPassingAsserts":1,"retryReasons":[],"status":"passed","title":"verifies shard correctness against original mnemonic"},{"ancestorTitles":["Security Module","splitMnemonicIntoShards / reconstructMnemonicFromShards"],"duration":33,"failureDetails":[],"failureMessages":[],"fullName":"Security Module splitMnemonicIntoShards / reconstructMnemonicFromShards fails with wrong mnemonic","invocations":1,"location":null,"numPassingAsserts":1,"retryReasons":[],"status":"passed","title":"fails with wrong mnemonic"},{"ancestorTitles":["Security Module","splitMnemonicIntoShards / reconstructMnemonicFromShards"],"duration":394,"failureDetails":[],"failureMessages":[],"fullName":"Security Module splitMnemonicIntoShards / reconstructMnemonicFromShards throws for insufficient threshold","invocations":1,"location":null,"numPassingAsserts":1,"retryReasons":[],"status":"passed","title":"throws for insufficient threshold"},{"ancestorTitles":["Security Module","splitMnemonicIntoShards / reconstructMnemonicFromShards"],"duration":1,"failureDetails":[],"failureMessages":[],"fullName":"Security Module splitMnemonicIntoShards / reconstructMnemonicFromShards throws for excessive total shards","invocations":1,"location":null,"numPassingAsserts":1,"retryReasons":[],"status":"passed","title":"throws for excessive total shards"},{"ancestorTitles":["Security Module","detectHardwareWallet"],"duration":1,"failureDetails":[],"failureMessages":[],"fullName":"Security Module detectHardwareWallet returns null when no hardware wallet is connected","invocations":1,"location":null,"numPassingAsserts":1,"retryReasons":[],"status":"passed","title":"returns null when no hardware wallet is connected"},{"ancestorTitles":["Security Module","signWithHardwareWallet"],"duration":1,"failureDetails":[],"failureMessages":[],"fullName":"Security Module signWithHardwareWallet throws when no hardware wallet is detected (Ledger)","invocations":1,"location":null,"numPassingAsserts":1,"retryReasons":[],"status":"passed","title":"throws when no hardware wallet is detected (Ledger)"},{"ancestorTitles":["Security Module","signWithHardwareWallet"],"duration":1,"failureDetails":[],"failureMessages":[],"fullName":"Security Module signWithHardwareWallet throws when no hardware wallet is detected (Trezor)","invocations":1,"location":null,"numPassingAsserts":1,"retryReasons":[],"status":"passed","title":"throws when no hardware wallet is detected (Trezor)"},{"ancestorTitles":["Security Module","getSecurityAuditChecklist"],"duration":0,"failureDetails":[],"failureMessages":[],"fullName":"Security Module getSecurityAuditChecklist returns a non-empty checklist","invocations":1,"location":null,"numPassingAsserts":1,"retryReasons":[],"status":"passed","title":"returns a non-empty checklist"},{"ancestorTitles":["Security Module","getSecurityAuditChecklist"],"duration":1,"failureDetails":[],"failureMessages":[],"fullName":"Security Module getSecurityAuditChecklist includes critical items","invocations":1,"location":null,"numPassingAsserts":1,"retryReasons":[],"status":"passed","title":"includes critical items"},{"ancestorTitles":["Security Module","getSecurityAuditChecklist"],"duration":0,"failureDetails":[],"failureMessages":[],"fullName":"Security Module getSecurityAuditChecklist includes hardware wallet audit item","invocations":1,"location":null,"numPassingAsserts":2,"retryReasons":[],"status":"passed","title":"includes hardware wallet audit item"},{"ancestorTitles":["Security Module","clearSecurityCache / teardownSecurity"],"duration":0,"failureDetails":[],"failureMessages":[],"fullName":"Security Module clearSecurityCache / teardownSecurity clears cached security info","invocations":1,"location":null,"numPassingAsserts":1,"retryReasons":[],"status":"passed","title":"clears cached security info"}],"endTime":1780215578778,"message":"","name":"D:\\Veilpay\\apps\\consumer-app\\src\\utils\\__tests__\\security.test.ts","startTime":1780215572626,"status":"passed","summary":""},{"assertionResults":[{"ancestorTitles":["timing utility tests","withTimeout"],"duration":3,"failureDetails":[],"failureMessages":[],"fullName":"timing utility tests withTimeout resolves immediately if the inner promise resolves before timeout","invocations":1,"location":null,"numPassingAsserts":1,"retryReasons":[],"status":"passed","title":"resolves immediately if the inner promise resolves before timeout"},{"ancestorTitles":["timing utility tests","withTimeout"],"duration":148,"failureDetails":[],"failureMessages":[],"fullName":"timing utility tests withTimeout rejects with timeout message if the inner promise takes too long","invocations":1,"location":null,"numPassingAsserts":1,"retryReasons":[],"status":"passed","title":"rejects with timeout message if the inner promise takes too long"},{"ancestorTitles":["timing utility tests","withTimeout"],"duration":57,"failureDetails":[],"failureMessages":[],"fullName":"timing utility tests withTimeout rejects with custom timeout message if provided","invocations":1,"location":null,"numPassingAsserts":1,"retryReasons":[],"status":"passed","title":"rejects with custom timeout message if provided"},{"ancestorTitles":["timing utility tests","sleep"],"duration":60,"failureDetails":[],"failureMessages":[],"fullName":"timing utility tests sleep resolves after the specified duration","invocations":1,"location":null,"numPassingAsserts":1,"retryReasons":[],"status":"passed","title":"resolves after the specified duration"},{"ancestorTitles":["timing utility tests","sleep"],"duration":65,"failureDetails":[],"failureMessages":[],"fullName":"timing utility tests sleep can be cancelled with an already aborted signal","invocations":1,"location":null,"numPassingAsserts":1,"retryReasons":[],"status":"passed","title":"can be cancelled with an already aborted signal"},{"ancestorTitles":["timing utility tests","sleep"],"duration":86,"failureDetails":[],"failureMessages":[],"fullName":"timing utility tests sleep can be aborted dynamically during the sleep period","invocations":1,"location":null,"numPassingAsserts":1,"retryReasons":[],"status":"passed","title":"can be aborted dynamically during the sleep period"},{"ancestorTitles":["timing utility tests","sleep"],"duration":104,"failureDetails":[],"failureMessages":[],"fullName":"timing utility tests sleep resolves successfully with a signal that is not aborted","invocations":1,"location":null,"numPassingAsserts":1,"retryReasons":[],"status":"passed","title":"resolves successfully with a signal that is not aborted"}],"endTime":1780215579955,"message":"","name":"D:\\Veilpay\\apps\\consumer-app\\src\\utils\\__tests__\\timing.test.ts","startTime":1780215578912,"status":"passed","summary":""},{"assertionResults":[{"ancestorTitles":["Property 17 — relayer request shape (success path)"],"duration":470,"failureDetails":[],"failureMessages":[],"fullName":"Property 17 — relayer request shape (success path) POSTs exactly one schema-valid body to ${RELAYER_BASE_URL}/api/v1/relayer/withdraw","invocations":1,"location":null,"numPassingAsserts":270,"retryReasons":[],"status":"passed","title":"POSTs exactly one schema-valid body to ${RELAYER_BASE_URL}/api/v1/relayer/withdraw"},{"ancestorTitles":["Property 17 — relayer HTTP failure handling (non-2xx path)"],"duration":148,"failureDetails":[],"failureMessages":[],"fullName":"Property 17 — relayer HTTP failure handling (non-2xx path) rejects with RelayerError(kind=\"http\", status=<mocked>) for every non-2xx response","invocations":1,"location":null,"numPassingAsserts":180,"retryReasons":[],"status":"passed","title":"rejects with RelayerError(kind=\"http\", status=<mocked>) for every non-2xx response"}],"endTime":1780215580022,"message":"","name":"D:\\Veilpay\\apps\\consumer-app\\src\\services\\__tests__\\relayerClient.property.test.ts","startTime":1780215567981,"status":"passed","summary":""},{"assertionResults":[{"ancestorTitles":["rpcPool"],"duration":568,"failureDetails":[],"failureMessages":[],"fullName":"rpcPool prefers the highest-weight provider when multiple endpoints are available","invocations":1,"location":null,"numPassingAsserts":3,"retryReasons":[],"status":"passed","title":"prefers the highest-weight provider when multiple endpoints are available"},{"ancestorTitles":["rpcPool"],"duration":231,"failureDetails":[],"failureMessages":[],"fullName":"rpcPool fails over to the next provider after the first circuit opens","invocations":1,"location":null,"numPassingAsserts":4,"retryReasons":[],"status":"passed","title":"fails over to the next provider after the first circuit opens"},{"ancestorTitles":["rpcPool"],"duration":82,"failureDetails":[],"failureMessages":[],"fullName":"rpcPool recovers an open circuit after a successful health check","invocations":1,"location":null,"numPassingAsserts":4,"retryReasons":[],"status":"passed","title":"recovers an open circuit after a successful health check"}],"endTime":1780215580221,"message":"","name":"D:\\Veilpay\\apps\\consumer-app\\src\\utils\\__tests__\\rpcPool.test.ts","startTime":1780215576366,"status":"passed","summary":""},{"assertionResults":[{"ancestorTitles":["transakQuote"],"duration":429,"failureDetails":[],"failureMessages":[],"fullName":"transakQuote normalizes live quote payloads with string numbers and malformed fee rows","invocations":1,"location":null,"numPassingAsserts":4,"retryReasons":[],"status":"passed","title":"normalizes live quote payloads with string numbers and malformed fee rows"},{"ancestorTitles":["transakQuote"],"duration":17,"failureDetails":[],"failureMessages":[],"fullName":"transakQuote falls back to calculated fees when the live response omits totalFee and breakdown data","invocations":1,"location":null,"numPassingAsserts":4,"retryReasons":[],"status":"passed","title":"falls back to calculated fees when the live response omits totalFee and breakdown data"}],"endTime":1780215580817,"message":"","name":"D:\\Veilpay\\apps\\consumer-app\\src\\utils\\__tests__\\transakQuote.test.ts","startTime":1780215580010,"status":"passed","summary":""},{"assertionResults":[{"ancestorTitles":["openExternalUrl"],"duration":111,"failureDetails":[],"failureMessages":[],"fullName":"openExternalUrl opens supported URLs and returns true","invocations":1,"location":null,"numPassingAsserts":3,"retryReasons":[],"status":"passed","title":"opens supported URLs and returns true"},{"ancestorTitles":["openExternalUrl"],"duration":22,"failureDetails":[],"failureMessages":[],"fullName":"openExternalUrl returns false when the URL cannot be opened","invocations":1,"location":null,"numPassingAsserts":2,"retryReasons":[],"status":"passed","title":"returns false when the URL cannot be opened"}],"endTime":1780215580879,"message":"","name":"D:\\Veilpay\\apps\\consumer-app\\src\\utils\\__tests__\\externalLink.test.ts","startTime":1780215580035,"status":"passed","summary":""},{"assertionResults":[{"ancestorTitles":["envValidation"],"duration":64,"failureDetails":[],"failureMessages":[],"fullName":"envValidation fails when EXPO_PUBLIC_BACKEND_BASE_URL is missing","invocations":1,"location":null,"numPassingAsserts":3,"retryReasons":[],"status":"passed","title":"fails when EXPO_PUBLIC_BACKEND_BASE_URL is missing"},{"ancestorTitles":["envValidation"],"duration":182,"failureDetails":[],"failureMessages":[],"fullName":"envValidation passes when EXPO_PUBLIC_BACKEND_BASE_URL is valid","invocations":1,"location":null,"numPassingAsserts":2,"retryReasons":[],"status":"passed","title":"passes when EXPO_PUBLIC_BACKEND_BASE_URL is valid"},{"ancestorTitles":["envValidation"],"duration":2,"failureDetails":[],"failureMessages":[],"fullName":"envValidation warns when important but non-critical vars are missing","invocations":1,"location":null,"numPassingAsserts":2,"retryReasons":[],"status":"passed","title":"warns when important but non-critical vars are missing"},{"ancestorTitles":["envValidation"],"duration":346,"failureDetails":[],"failureMessages":[],"fullName":"envValidation rejects invalid URL format for EXPO_PUBLIC_BACKEND_BASE_URL","invocations":1,"location":null,"numPassingAsserts":2,"retryReasons":[],"status":"passed","title":"rejects invalid URL format for EXPO_PUBLIC_BACKEND_BASE_URL"},{"ancestorTitles":["envValidation"],"duration":12,"failureDetails":[],"failureMessages":[],"fullName":"envValidation generates user-friendly summary","invocations":1,"location":null,"numPassingAsserts":2,"retryReasons":[],"status":"passed","title":"generates user-friendly summary"},{"ancestorTitles":["envValidation"],"duration":3,"failureDetails":[],"failureMessages":[],"fullName":"envValidation passes in dev mode even without Alchemy key","invocations":1,"location":null,"numPassingAsserts":1,"retryReasons":[],"status":"passed","title":"passes in dev mode even without Alchemy key"}],"endTime":1780215581599,"message":"","name":"D:\\Veilpay\\apps\\consumer-app\\src\\utils\\__tests__\\envValidation.test.ts","startTime":1780215580277,"status":"passed","summary":""},{"assertionResults":[{"ancestorTitles":["formatters utility tests","formatFiat"],"duration":292,"failureDetails":[],"failureMessages":[],"fullName":"formatters utility tests formatFiat formats numbers into standardized currency representation","invocations":1,"location":null,"numPassingAsserts":2,"retryReasons":[],"status":"passed","title":"formats numbers into standardized currency representation"},{"ancestorTitles":["formatters utility tests","formatFiat"],"duration":46,"failureDetails":[],"failureMessages":[],"fullName":"formatters utility tests formatFiat supports alternative currencies like EUR and INR","invocations":1,"location":null,"numPassingAsserts":2,"retryReasons":[],"status":"passed","title":"supports alternative currencies like EUR and INR"},{"ancestorTitles":["formatters utility tests","formatChangePercent"],"duration":1,"failureDetails":[],"failureMessages":[],"fullName":"formatters utility tests formatChangePercent returns \"N/A\" for null value","invocations":1,"location":null,"numPassingAsserts":1,"retryReasons":[],"status":"passed","title":"returns \"N/A\" for null value"},{"ancestorTitles":["formatters utility tests","formatChangePercent"],"duration":0,"failureDetails":[],"failureMessages":[],"fullName":"formatters utility tests formatChangePercent adds leading \"+\" sign for positive percentages","invocations":1,"location":null,"numPassingAsserts":1,"retryReasons":[],"status":"passed","title":"adds leading \"+\" sign for positive percentages"},{"ancestorTitles":["formatters utility tests","formatChangePercent"],"duration":60,"failureDetails":[],"failureMessages":[],"fullName":"formatters utility tests formatChangePercent handles negative and zero percentages correctly","invocations":1,"location":null,"numPassingAsserts":2,"retryReasons":[],"status":"passed","title":"handles negative and zero percentages correctly"},{"ancestorTitles":["formatters utility te
[...]
68":{"loc":{"start":{"line":867,"column":12},"end":{"line":867,"column":72}},"type":"cond-expr","locations":[{"start":{"line":867,"column":39},"end":{"line":867,"column":54}},{"start":{"line":867,"column":57},"end":{"line":867,"column":72}}],"line":867},"69":{"loc":{"start":{"line":909,"column":21},"end":{"line":909,"column":34}},"type":"binary-expr","locations":[{"start":{"line":909,"column":21},"end":{"line":909,"column":28}},{"start":{"line":909,"column":32},"end":{"line":909,"column":34}}],"line":909},"70":{"loc":{"start":{"line":912,"column":21},"end":{"line":912,"column":35}},"type":"binary-expr","locations":[{"start":{"line":912,"column":21},"end":{"line":912,"column":26}},{"start":{"line":912,"column":30},"end":{"line":912,"column":35}}],"line":912},"71":{"loc":{"start":{"line":913,"column":21},"end":{"line":913,"column":62}},"type":"binary-expr","locations":[{"start":{"line":913,"column":21},"end":{"line":913,"column":42}},{"start":{"line":913,"column":46},"end":{"line":913,"column":62}}],"line":913},"72":{"loc":{"start":{"line":918,"column":6},"end":{"line":920,"column":7}},"type":"if","locations":[{"start":{"line":918,"column":6},"end":{"line":920,"column":7}},{"start":{},"end":{}}],"line":918},"73":{"loc":{"start":{"line":922,"column":6},"end":{"line":932,"column":7}},"type":"if","locations":[{"start":{"line":922,"column":6},"end":{"line":932,"column":7}},{"start":{},"end":{}}],"line":922},"74":{"loc":{"start":{"line":946,"column":6},"end":{"line":957,"column":7}},"type":"if","locations":[{"start":{"line":946,"column":6},"end":{"line":957,"column":7}},{"start":{},"end":{}}],"line":946}},"s":{"0":0,"1":0,"2":0,"3":0,"4":0,"5":0,"6":0,"7":0,"8":0,"9":0,"10":0,"11":0,"12":0,"13":0,"14":0,"15":0,"16":0,"17":0,"18":0,"19":0,"20":0,"21":0,"22":0,"23":0,"24":0,"25":0,"26":0,"27":0,"28":0,"29":0,"30":0,"31":0,"32":0,"33":0,"34":0,"35":0,"36":0,"37":0,"38":0,"39":0,"40":0,"41":0,"42":0,"43":0,"44":0,"45":0,"46":0,"47":0,"48":0,"49":0,"50":0,"51":0,"52":0,"53":0,"54":0,"55":0,"56":0,"57":0,"58":0,"59":0,"60":0,"61":0,"62":0,"63":0,"64":0,"65":0,"66":0,"67":0,"68":0,"69":0,"70":0,"71":0,"72":0,"73":0,"74":0,"75":0,"76":0,"77":0,"78":0,"79":0,"80":0,"81":0,"82":0,"83":0,"84":0,"85":0,"86":0,"87":0,"88":0,"89":0,"90":0,"91":0,"92":0,"93":0,"94":0,"95":0,"96":0,"97":0,"98":0,"99":0,"100":0,"101":0,"102":0,"103":0,"104":0,"105":0,"106":0,"107":0,"108":0,"109":0,"110":0,"111":0,"112":0,"113":0,"114":0,"115":0,"116":0,"117":0,"118":0,"119":0,"120":0,"121":0,"122":0,"123":0,"124":0,"125":0,"126":0,"127":0,"128":0,"129":0,"130":0,"131":0,"132":0,"133":0,"134":0,"135":0,"136":0,"137":0,"138":0,"139":0,"140":0,"141":0,"142":0,"143":0,"144":0,"145":0,"146":0,"147":0,"148":0,"149":0,"150":0,"151":0,"152":0,"153":0,"154":0,"155":0,"156":0,"157":0,"158":0,"159":0,"160":0,"161":0,"162":0,"163":0,"164":0,"165":0,"166":0,"167":0,"168":0,"169":0,"170":0,"171":0,"172":0,"173":0,"174":0,"175":0,"176":0,"177":0,"178":0,"179":0,"180":0,"181":0,"182":0,"183":0,"184":0,"185":0,"186":0,"187":0,"188":0,"189":0,"190":0,"191":0,"192":0,"193":0,"194":0,"195":0,"196":0,"197":0,"198":0,"199":0,"200":0,"201":0,"202":0,"203":0,"204":0,"205":0,"206":0,"207":0,"208":0,"209":0,"210":0,"211":0,"212":0,"213":0,"214":0,"215":0,"216":0,"217":0,"218":0,"219":0,"220":0,"221":0,"222":0,"223":0,"224":0,"225":0,"226":0,"227":0,"228":0,"229":0,"230":0,"231":0,"232":0,"233":0,"234":0,"235":0,"236":0,"237":0,"238":0,"239":0,"240":0,"241":0,"242":0,"243":0,"244":0,"245":0,"246":0,"247":0,"248":0,"249":0,"250":0,"251":0,"252":0,"253":0,"254":0,"255":0,"256":0},"f":{"0":0,"1":0,"2":0,"3":0,"4":0,"5":0,"6":0,"7":0,"8":0,"9":0,"10":0,"11":0,"12":0,"13":0,"14":0},"b":{"0":[0,0,0],"1":[0,0],"2":[0,0],"3":[0,0],"4":[0,0,0,0],"5":[0,0],"6":[0,0],"7":[0,0],"8":[0,0],"9":[0,0],"10":[0,0],"11":[0,0],"12":[0,0],"13":[0,0],"14":[0,0],"15":[0,0],"16":[0,0],"17":[0,0],"18":[0,0],"19":[0,0],"20":[0,0],"21":[0,0],"22":[0,0],"23":[0,0],"24":[0,0,0],"25":[0,0,0,0],"26":[0,0],"27":[0,0],"28":[0,0,0,0,0],"29":[0,0],"30":[0,0],"31":[0,0],"32":[0,0],"33":[0,0],"34":[0,0],"35":[0,0],"36":[0,0],"37":[0,0],"38":[0,0],"39":[0,0],"40":[0,0],"41":[0,0],"42":[0,0],"43":[0,0],"44":[0,0],"45":[0,0],"46":[0,0],"47":[0,0],"48":[0,0],"49":[0,0],"50":[0,0],"51":[0,0],"52":[0,0],"53":[0,0],"54":[0,0],"55":[0,0],"56":[0,0],"57":[0,0],"58":[0,0],"59":[0,0],"60":[0,0],"61":[0,0,0],"62":[0,0],"63":[0,0],"64":[0,0],"65":[0,0],"66":[0,0],"67":[0,0],"68":[0,0],"69":[0,0],"70":[0,0],"71":[0,0],"72":[0,0],"73":[0,0],"74":[0,0]}},"D:\\Veilpay\\apps\\consumer-app\\src\\hooks\\useBalance.ts":{"path":"D:\\Veilpay\\apps\\consumer-app\\src\\hooks\\useBalance.ts","statementMap":{"0":{"start":{"line":30,"column":28},"end":{"line":30,"column":33}},"1":{"start":{"line":31,"column":32},"end":{"line":31,"column":36}},"2":{"start":{"line":34,"column":66},"end":{"line":41,"column":3}},"3":{"start":{"line":35,"column":27},"end":{"line":40,"column":5}},"4":{"start":{"line":43,"column":25},"end":{"line":43,"column":74}},"5":{"start":{"line":43,"column":53},"end":{"line":43,"column":73}},"6":{"start":{"line":45,"column":44},"end":{"line":45,"column":80}},"7":{"start":{"line":46,"column":44},"end":{"line":46,"column":72}},"8":{"start":{"line":47,"column":36},"end":{"line":47,"column":51}},"9":{"start":{"line":48,"column":28},"end":{"line":48,"column":57}},"10":{"start":{"line":49,"column":40},"end":{"line":49,"column":69}},"11":{"start":{"line":50,"column":34},"end":{"line":50,"column":55}},"12":{"start":{"line":52,"column":24},"end":{"line":52,"column":41}},"13":{"start":{"line":53,"column":29},"end":{"line":53,"column":65}},"14":{"start":{"line":55,"column":18},"end":{"line":113,"column":75}},"15":{"start":{"line":56,"column":4},"end":{"line":58,"column":5}},"16":{"start":{"line":57,"column":6},"end":{"line":57,"column":13}},"17":{"start":{"line":60,"column":16},"end":{"line":60,"column":26}},"18":{"start":{"line":61,"column":4},"end":{"line":63,"column":5}},"19":{"start":{"line":62,"column":6},"end":{"line":62,"column":13}},"20":{"start":{"line":64,"column":4},"end":{"line":64,"column":32}},"21":{"start":{"line":66,"column":4},"end":{"line":68,"column":5}},"22":{"start":{"line":67,"column":6},"end":{"line":67,"column":41}},"23":{"start":{"line":69,"column":4},"end":{"line":69,"column":55}},"24":{"start":{"line":71,"column":4},"end":{"line":71,"column":23}},"25":{"start":{"line":72,"column":4},"end":{"line":72,"column":28}},"26":{"start":{"line":73,"column":4},"end":{"line":73,"column":19}},"27":{"start":{"line":75,"column":4},"end":{"line":112,"column":5}},"28":{"start":{"line":76,"column":23},"end":{"line":76,"column":38}},"29":{"start":{"line":79,"column":41},"end":{"line":83,"column":8}},"30":{"start":{"line":85,"column":26},"end":{"line":85,"column":88}},"31":{"start":{"line":88,"column":6},"end":{"line":88,"column":31}},"32":{"start":{"line":89,"column":6},"end":{"line":89,"column":31}},"33":{"start":{"line":90,"column":6},"end":{"line":90,"column":28}},"34":{"start":{"line":91,"column":6},"end":{"line":91,"column":33}},"35":{"start":{"line":94,"column":6},"end":{"line":100,"column":7}},"36":{"start":{"line":95,"column":27},"end":{"line":95,"column":62}},"37":{"start":{"line":96,"column":26},"end":{"line":96,"column":80}},"38":{"start":{"line":97,"column":8},"end":{"line":97,"column":55}},"39":{"start":{"line":99,"column":8},"end":{"line":99,"column":52}},"40":{"start":{"line":102,"column":6},"end":{"line":104,"column":7}},"41":{"start":{"line":103,"column":8},"end":{"line":103,"column":31}},"42":{"start":{"line":106,"column":27},"end":{"line":106,"column":89}},"43":{"start":{"line":107,"column":6},"end":{"line":107,"column":29}},"44":{"start":{"line":108,"column":6},"end":{"line":108,"column":34}},"45":{"start":{"line":110,"column":6},"end":{"line":110,"column":26}},"46":{"start":{"line":111,"column":6},"end":{"line":111,"column":31}},"47":{"start":{"line":115,"column":2},"end":{"line":123,"column":55}},"48":{"start":{"line":116,"column":4},"end":{"line":122,"column":5}},"49":{"start":{"line":117,"column":6},"end":{"line":117,"column":16}},"50":{"start":{"line":119,"column":6},"end":{"line":119,"column":29}},"51":{"start":{"line":120,"column":6},"end":{"line":120,"column":27}},"52":{"start":{"line":121,"column":6},"end":{"line":121,"column":34}},"53":{"start":{"line":126,"column":2},"end":{"line":138,"column":51}},"54":{"start":{"line":127,"column":4},"end":{"line":129,"column":5}},"55":{"start":{"line":128,"column":6},"end":{"line":128,"column":13}},"56":{"start":{"line":131,"column":23},"end":{"line":133,"column":27}},"57":{"start":{"line":132,"column":6},"end":{"line":132,"column":16}},"58":{"start":{"line":135,"column":4},"end":{"line":137,"column":6}},"59":{"start":{"line":136,"column":6},"end":{"line":136,"column":32}},"60":{"start":{"line":141,"column":2},"end":{"line":147,"column":9}},"61":{"start":{"line":142,"column":4},"end":{"line":146,"column":6}},"62":{"start":{"line":143,"column":6},"end":{"line":145,"column":7}},"63":{"start":{"line":144,"column":8},"end":{"line":144,"column":43}},"64":{"start":{"line":149,"column":2},"end":{"line":157,"column":4}},"65":{"start":{"line":166,"column":35},"end":{"line":166,"column":51}},"66":{"start":{"line":167,"column":30},"end":{"line":167,"column":58}},"67":{"start":{"line":168,"column":36},"end":{"line":168,"column":51}},"68":{"start":{"line":169,"column":28},"end":{"line":169,"column":57}},"69":{"start":{"line":171,"column":22},"end":{"line":171,"column":50}},"70":{"start":{"line":172,"column":20},"end":{"line":172,"column":37}},"71":{"start":{"line":174,"column":18},"end":{"line":198,"column":39}},"72":{"start":{"line":175,"column":4},"end":{"line":177,"column":5}},"73":{"start":{"line":176,"column":6},"end":{"line":176,"column":13}},"74":{"start":{"line":180,"column":4},"end":{"line":183,"column":5}},"75":{"start":{"line":181,"column":6},"end":{"line":181,"column":20}},"76":{"start":{"line":182,"column":6},"end":{"line":182,"column":13}},"77":{"start":{"line":185,"column":4},"end":{"line":185,"column":23}},"78":{"start":{"line":186,"column":4},"end":{"line":186,"column":19}},"79":{"start":{"line":188,"column":4},"end":{"line":197,"column":5}},"80":{"start":{"line":189,"column":28},"end":{"line":189,"column":74}},"81":{"start":{"line":190,"column":6},"end":{"line":190,"column":31}},"82":{"start":{"line":192,"column":27},"end":{"line":192,"column":96}},"83":{"start":{"line":193,"column":6},"end":{"line":193,"column":29}},"84":{"start":{"line":194,"column":6},"end":{"line":194,"column":20}},"85":{"start":{"line":196,"column":6},"end":{"line":196,"column":26}},"86":{"start":{"line":199,"column":2},"end":{"line":205,"column":49}},"87":{"start":{"line":200,"column":4},"end":{"line":204,"column":5}},"88":{"start":{"line":201,"column":6},"end":{"line":201,"column":16}},"89":{"start":{"line":203,"column":6},"end":{"line":203,"column":20}},"90":{"start":{"line":207,"column":2},"end":{"line":212,"column":4}}},"fnMap":{"0":{"name":"useBalance","decl":{"start":{"line":33,"column":16},"end":{"line":33,"column":26}},"loc":{"start":{"line":33,"column":74},"end":{"line":158,"column":1}},"line":33},"1":{"name":"(anonymous_1)","decl":{"start":{"line":35,"column":15},"end":{"line":35,"column":16}},"loc":{"start":{"line":35,"column":27},"end":{"line":40,"column":5}},"line":35},"2":{"name":"(anonymous_2)","decl":{"start":{"line":43,"column":42},"end":{"line":43,"column":43}},"loc":{"start":{"line":43,"column":53},"end":{"line":43,"column":73}},"line":43},"3":{"name":"(anonymous_3)","decl":{"start":{"line":55,"column":30},"end":{"line":55,"column":31}},"loc":{"start":{"line":55,"column":42},"end":{"line":113,"column":3}},"line":55},"4":{"name":"(anonymous_4)","decl":{"start":{"line":115,"column":12},"end":{"line":115,"column":13}},"loc":{"start":{"line":115,"column":18},"end":{"line":123,"column":3}},"line":115},"5":{"name":"(anonymous_5)","decl":{"start":{"line":126,"column":12},"end":{"line":126,"column":13}},"loc":{"start":{"line":126,"column":18},"end":{"line":138,"column":3}},"line":126},"6":{"name":"(anonymous_6)","decl":{"start":{"line":131,"column":35},"end":{"line":131,"column":36}},"loc":{"start":{"line":131,"column":41},"end":{"line":133,"column":5}},"line":131},"7":{"name":"(anonymous_7)","decl":{"start":{"line":135,"column":11},"end":{"line":135,"column":12}},"loc":{"start":{"line":135,"column":17},"end":{"line":137,"column":5}},"line":135},"8":{"name":"(anonymous_8)","decl":{"start":{"line":141,"column":12},"end":{"line":141,"column":13}},"loc":{"start":{"line":141,"column":18},"end":{"line":147,"column":3}},"line":141},"9":{"name":"(anonymous_9)","decl":{"start":{"line":142,"column":11},"end":{"line":142,"column":12}},"loc":{"start":{"line":142,"column":17},"end":{"line":146,"column":5}},"line":142},"10":{"name":"useTokenBalances","decl":{"start":{"line":160,"column":16},"end":{"line":160,"column":32}},"loc":{"start":{"line":165,"column":2},"end":{"line":213,"column":1}},"line":165},"11":{"name":"(anonymous_11)","decl":{"start":{"line":174,"column":30},"end":{"line":174,"column":31}},"loc":{"start":{"line":174,"column":42},"end":{"line":198,"column":3}},"line":174},"12":{"name":"(anonymous_12)","decl":{"start":{"line":199,"column":12},"end":{"line":199,"column":13}},"loc":{"start":{"line":199,"column":18},"end":{"line":205,"column":3}},"line":199}},"branchMap":{"0":{"loc":{"start":{"line":33,"column":27},"end":{"line":33,"column":54}},"type":"default-arg","locations":[{"start":{"line":33,"column":50},"end":{"line":33,"column":54}}],"line":33},"1":{"loc":{"start":{"line":56,"column":4},"end":{"line":58,"column":5}},"type":"if","locations":[{"start":{"line":56,"column":4},"end":{"line":58,"column":5}},{"start":{},"end":{}}],"line":56},"2":{"loc":{"start":{"line":56,"column":8},"end":{"line":56,"column":32}},"type":"binary-expr","locations":[{"start":{"line":56,"column":8},"end":{"line":56,"column":16}},{"start":{"line":56,"column":20},"end":{"line":56,"column":32}}],"line":56},"3":{"loc":{"start":{"line":61,"column":4},"end":{"line":63,"column":5}},"type":"if","locations":[{"start":{"line":61,"column":4},"end":{"line":63,"column":5}},{"start":{},"end":{}}],"line":61},"4":{"loc":{"start":{"line":66,"column":4},"end":{"line":68,"column":5}},"type":"if","locations":[{"start":{"line":66,"column":4},"end":{"line":68,"column":5}},{"start":{},"end":{}}],"line":66},"5":{"loc":{"start":{"line":81,"column":8},"end":{"line":81,"column":96}},"type":"cond-expr","locations":[{"start":{"line":81,"column":37},"end":{"line":81,"column":74}},{"start":{"line":81,"column":77},"end":{"line":81,"column":96}}],"line":81},"6":{"loc":{"start":{"line":82,"column":28},"end":{"line":82,"column":51}},"type":"binary-expr","locations":[{"start":{"line":82,"column":28},"end":{"line":82,"column":42}},{"start":{"line":82,"column":46},"end":{"line":82,"column":51}}],"line":82},"7":{"loc":{"start":{"line":85,"column":52},"end":{"line":85,"column":87}},"type":"binary-expr","locations":[{"start":{"line":85,"column":52},"end":{"line":85,"column":70}},{"start":{"line":85,"column":74},"end":{"line":85,"column":87}}],"line":85},"8":{"loc":{"start":{"line":94,"column":6},"end":{"line":100,"column":7}},"type":"if","locations":[{"start":{"line":94,"column":6},"end":{"line":100,"column":7}},{"start":{"line":98,"column":13},"end":{"line":100,"column":7}}],"line":94},"9":{"loc":{"start":{"line":94,"column":10},"end":{"line":94,"column":48}},"type":"binary-expr","locations":[{"start":{"line":94,"column":10},"end":{"line":94,"column":33}},{"start":{"line":94,"column":37},"end":{"line":94,"column":48}}],"line":94},"10":{"loc":{"start":{"line":102,"column":6},"end":{"line":104,"column":7}},"type":"if","locations":[{"start":{"line":102,"column":6},"end":{"line":104,"column":7}},{"start":{},"end":{}}],"line":102},"11":{"loc":{"start":{"line":106,"column":27},"end":{"line":106,"column":89}},"type":"cond-expr","locations":[{"start":{"line":106,"column":50},"end":{"line":106,"column":61}},{"start":{"line":106,"column":64},"end":{"line":106,"column":89}}],"line":106},"12":{"loc":{"start":{"line":116,"column":4},"end":{"line":122,"column":5}},"type":"if","locations":[{"start":{"line":116,"column":4},"end":{"line":122,"column":5}},{"start":{"line":118,"column":11},"end":{"line":122,"column":5}}],"line":116},"13":{"loc":{"start":{"line":116,"column":8},"end":{"line":116,"column":30}},"type":"binary-expr","locations":[{"start":{"line":116,"column":8},"end":{"line":116,"column":15}},{"start":{"line":116,"column":19},"end":{"line":116,"column":30}}],"line":116},"14":{"loc":{"start":{"line":127,"column":4},"end":{"line":129,"column":5}},"type":"if","locations":[{"start":{"line":127,"column":4},"end":{"line":129,"column":5}},{"start":{},"end":{}}],"line":127},"15":{"loc":{"start":{"line":127,"column":8},"end":{"line":127,"column":48}},"type":"binary-expr","locations":[{"start":{"line":127,"column":8},"end":{"line":127,"column":20}},{"start":{"line":127,"column":24},"end":{"line":127,"column":32}},{"start":{"line":127,"column":36},"end":{"line":127,"column":48}}],"line":127},"16":{"loc":{"start":{"line":143,"column":6},"end":{"line":145,"column":7}},"type":"if","locations":[{"start":{"line":143,"column":6},"end":{"line":145,"column":7}},{"start":{},"end":{}}],"line":143},"17":{"loc":{"start":{"line":171,"column":22},"end":{"line":171,"column":50}},"type":"binary-expr","locations":[{"start":{"line":171,"column":22},"end":{"line":171,"column":30}},{"start":{"line":171,"column":34},"end":{"line":171,"column":50}}],"line":171},"18":{"loc":{"start":{"line":175,"column":4},"end":{"line":177,"column":5}},"type":"if","locations":[{"start":{"line":175,"column":4},"end":{"line":177,"column":5}},{"start":{},"end":{}}],"line":175},"19":{"loc":{"start":{"line":175,"column":8},"end":{"line":175,"column":32}},"type":"binary-expr","locations":[{"start":{"line":175,"column":8},"end":{"line":175,"column":16}},{"start":{"line":175,"column":20},"end":{"line":175,"column":32}}],"line":175},"20":{"loc":{"start":{"line":180,"column":4},"end":{"line":183,"column":5}},"type":"if","locations":[{"start":{"line":180,"column":4},"end":{"line":183,"column":5}},{"start":{},"end":{}}],"line":180},"21":{"loc":{"start":{"line":192,"column":27},"end":{"line":192,"column":96}},"type":"cond-expr","locations":[{"start":{"line":192,"column":50},"end":{"line":192,"column":61}},{"start":{"line":192,"column":64},"end":{"line":192,"column":96}}],"line":192},"22":{"loc":{"start":{"line":200,"column":4},"end":{"line":204,"column":5}},"type":"if","locations":[{"start":{"line":200,"column":4},"end":{"line":204,"column":5}},{"start":{"line":202,"column":11},"end":{"line":204,"column":5}}],"line":200},"23":{"loc":{"start":{"line":200,"column":8},"end":{"line":200,"column":53}},"type":"binary-expr","locations":[{"start":{"line":200,"column":8},"end":{"line":200,"column":15}},{"start":{"line":200,"column":19},"end":{"line":200,"column":30}},{"start":{"line":200,"column":34},"end":{"line":200,"column":53}}],"line":200}},"s":{"0":0,"1":0,"2":0,"3":0,"4":0,"5":0,"6":0,"7":0,"8":0,"9":0,"10":0,"11":0,"12":0,"13":0,"14":0,"15":0,"16":0,"17":0,"18":0,"19":0,"20":0,"21":0,"22":0,"23":0,"24":0,"25":0,"26":0,"27":0,"28":0,"29":0,"30":0,"31":0,"32":0,"33":0,"34":0,"35":0,"36":0,"37":0,"38":0,"39":0,"40":0,"41":0,"42":0,"43":0,"44":0,"45":0,"46":0,"47":0,"48":0,"49":0,"50":0,"51":0,"52":0,"53":0,"54":0,"55":0,"56":0,"57":0,"58":0,"59":0,"60":0,"61":0,"62":0,"63":0,"64":0,"65":0,"66":0,"67":0,"68":0,"69":0,"70":0,"71":0,"72":0,"73":0,"74":0,"75":0,"76":0,"77":0,"78":0,"79":0,"80":0,"81":0,"82":0,"83":0,"84":0,"85":0,"86":0,"87":0,"88":0,"89":0,"90":0},"f":{"0":0,"1":0,"2":0,"3":0,"4":0,"5":0,"6":0,"7":0,"8":0,"9":0,"10":0,"11":0,"12":0},"b":{"0":[0],"1":[0,0],"2":[0,0],"3":[0,0],"4":[0,0],"5":[0,0],"6":[0,0],"7":[0,0],"8":[0,0],"9":[0,0],"10":[0,0],"11":[0,0],"12":[0,0],"13":[0,0],"14":[0,0],"15":[0,0,0],"16":[0,0],"17":[0,0],"18":[0,0],"19":[0,0],"20":[0,0],"21":[0,0],"22":[0,0],"23":[0,0,0]}}}}
